
Initial statistics: 7 variables; iteration 0; function evaluation 0; phase 1
Function value 2.1153061e+04; maximum gradient component mag 1.4213e+05
Var    Value     Gradient |Var    Value     Gradient |Var    Value     Gradient
  1  0.39650  1.42135e+05 |  2 -0.59033  5.78226e+03 |  3 -0.59033  4.68483e+03
  4 -0.59033  7.66110e+03 |  5 -0.59033  9.14896e+03 |  6  0.10660  8.04446e+03
  7  0.10660  4.93697e+03 |

Intermediate statistics: 7 variables; iteration 20; function evaluation 38; phase 1
Function value 7.2267809e+02; maximum gradient component mag -4.4591e+03
Var    Value     Gradient |Var    Value     Gradient |Var    Value     Gradient
  1  0.17067 -4.45912e+03 |  2 -0.66239 -2.55517e+02 |  3  2.39956 -9.60026e+01
  4 -1.21372 -1.48334e+02 |  5 -0.84469 -1.10882e+02 |  6  0.18495  4.79069e+02
  7 -0.02934 -3.89087e+02 |

 - final statistics:
7 variables; iteration 28; function evaluation 46
Function value 6.4941e+02; maximum gradient component mag -6.5842e+00
Exit code = 1;  converg criter 1.0000e+01
Var    Value     Gradient |Var    Value     Gradient |Var    Value     Gradient
  1  0.19614 -6.58420e+00 |  2 -0.72057  1.85450e-02 |  3  2.57119  2.90427e-01
  4 -1.16221 -8.42123e-01 |  5 -0.87824  2.95200e+00 |  6  0.10112 -1.91864e+00
  7 -0.04112  1.10560e+00 |

Initial statistics: 59 variables; iteration 0; function evaluation 0; phase 2
Function value 6.4940792e+02; maximum gradient component mag 8.3165e+02
Var    Value     Gradient |Var    Value     Gradient |Var    Value     Gradient
  1  0.19614 -6.58420e+00 |  2  0.00000  1.19613e+01 |  3  0.00000 -1.38121e+02
  4  0.00000  4.53564e+01 |  5  0.00000 -8.88248e+01 |  6  0.00000 -4.50914e+01
  7  0.00000  4.67712e+01 |  8  0.00000 -1.41831e-01 |  9  0.00000  8.43031e+00
 10  0.00000 -7.97038e+01 | 11  0.00000  5.84308e+00 | 12  0.00000 -5.82054e+01
 13  0.00000 -1.83352e+01 | 14  0.00000 -1.71502e+01 | 15  0.00000 -9.93889e+01
 16  0.00000 -3.92356e+00 | 17  0.00000  1.02084e+02 | 18  0.00000  4.64479e+00
 19  0.00000  5.34274e+01 | 20  0.00000 -1.73038e+02 | 21  0.00000 -2.07391e+02
 22  0.00000  6.96891e+01 | 23  0.00000 -2.02844e+01 | 24  0.00000  2.66573e+02
 25  0.00000  6.05322e+00 | 26  0.00000 -2.72544e+01 | 27  0.00000  3.90508e+01
 28  0.00000 -1.38398e+02 | 29  0.00000  7.75063e+01 | 30  0.00000 -1.53917e+02
 31  0.00000  1.42158e+02 | 32  0.00000 -1.76442e+01 | 33  0.00000  5.05422e+01
 34  0.00000 -1.65742e+02 | 35  0.00000  6.94756e+00 | 36  0.00000  8.49109e+01
 37  0.00000  5.58363e+01 | 38  0.00000  1.78071e+02 | 39  0.00000  2.70692e+01
 40 -0.72057  1.85450e-02 | 41 -0.57119 -2.90427e-01 | 42 -0.83779  8.42123e-01
 43 -0.87824  2.95200e+00 | 44  0.10112 -1.91864e+00 | 45  0.10660  8.31655e+02
 46  0.10660 -1.70434e+02 | 47 -0.04112  1.10560e+00 | 48 -1.00000 -1.08293e-07
 49  0.00000  9.39953e-06 | 50  0.00000  1.08460e-01 | 51 -0.53989  2.28471e+00
 52 -1.00000 -1.08293e-07 | 53 -0.53989  1.62732e+01 | 54 -1.00000 -1.08293e-07
 55 -0.53989  4.86119e+00 | 56 -0.32288 -5.45540e+00 | 57  0.21635 -1.66823e-01
 58 -0.69266 -5.99244e-03 | 59 -0.50650  2.63131e+02 |

Intermediate statistics: 59 variables; iteration 20; function evaluation 30; phase 2
Function value 5.3747027e+02; maximum gradient component mag -9.8554e+03
Var    Value     Gradient |Var    Value     Gradient |Var    Value     Gradient
  1  0.22937 -9.85538e+03 |  2 -0.01532 -1.36431e+01 |  3  0.22153  1.61783e+02
  4  0.05245 -3.06159e+01 |  5  0.11450  6.29305e+01 |  6  0.06131  6.68833e+01
  7 -0.05845 -4.77825e+01 |  8 -0.04373 -2.03129e+01 |  9 -0.00614  1.52371e+01
 10  0.08211  8.55966e+01 | 11  0.01388  1.38656e+01 | 12  0.03455  4.02883e+01
 13 -0.00008  2.16765e+00 | 14  0.02202  3.50430e+01 | 15  0.05675  6.48476e+01
 16 -0.02353 -1.35982e+01 | 17 -0.07078 -8.66900e+00 | 18 -0.00483  4.83904e+01
 19 -0.01959  7.50149e+00 | 20  0.06565  5.66391e+01 | 21  0.04133 -5.25903e+01
 22  0.03713  1.58816e+02 | 23 -0.05180 -1.22883e+02 | 24 -0.02797  2.12304e+02
 25  0.02937  5.64541e+01 | 26 -0.00195  9.17554e+00 | 27 -0.03838 -7.95375e+00
 28  0.01301 -7.64654e+01 | 29  0.03148  1.81258e+02 | 30 -0.00724 -1.72146e+02
 31  0.03075  2.87224e+02 | 32  0.01585  4.23621e+01 | 33 -0.00308  5.35783e+01
 34 -0.01344 -2.02114e+02 | 35 -0.00170  3.15639e+01 | 36 -0.01697  5.85275e+01
 37 -0.00859  5.37140e+01 | 38 -0.03098  1.18911e+02 | 39 -0.08174 -9.93751e+01
 40 -0.82231 -8.49500e+02 | 41 -0.72993 -4.60549e+02 | 42 -0.89513 -4.37327e+03
 43 -0.93071 -4.98150e+03 | 44 -0.00203 -2.28888e+02 | 45  0.03984  8.19255e+02
 46  0.01244 -2.76200e+02 | 47 -0.11066 -1.27004e+02 | 48 -1.27894 -1.63463e-03
 49 -0.00001  3.98472e-03 | 50 -0.00138  3.50743e-01 | 51 -0.57086  8.00445e+00
 52 -1.20168  7.62174e+02 | 53 -0.73717  5.81381e+02 | 54 -1.17025 -7.66474e+01
 55 -0.45229  1.11376e+01 | 56 -0.41892  1.10880e+01 | 57  0.22937  1.19014e+00
 58 -0.69256 -5.99017e-03 | 59 -0.63217 -9.57307e+01 |
59 variables; iteration 40; function evaluation 54; phase 2
Function value 4.7720629e+02; maximum gradient component mag -1.1241e+04
Var    Value     Gradient |Var    Value     Gradient |Var    Value     Gradient
  1  0.23294 -1.12412e+04 |  2 -0.08883 -5.72887e+01 |  3  0.20412  1.51723e+02
  4  0.06396 -1.04066e+01 |  5  0.14097  9.37466e+01 |  6  0.08264  7.95321e+01
  7 -0.03872 -3.04613e+01 |  8 -0.03671 -2.05689e+01 |  9 -0.00767 -8.47738e+00
 10  0.12281  1.32877e+02 | 11  0.05062  5.00689e+01 | 12  0.04728  4.87732e+01
 13 -0.00374 -1.13539e+01 | 14  0.02636  4.75309e+01 | 15  0.03932  2.29061e+01
 16 -0.02630 -1.19226e+01 | 17 -0.08246 -3.47039e+01 | 18 -0.00347  3.71406e+01
 19 -0.02183  9.52069e+00 | 20  0.07119  3.78937e+01 | 21  0.05648 -2.95655e+01
 22  0.02014  1.04886e+02 | 23 -0.03138 -7.45553e+01 | 24 -0.06448  8.70404e+01
 25  0.02506  9.28888e+01 | 26 -0.02809 -4.71102e+01 | 27 -0.03553 -2.05935e+01
 28  0.03208 -7.64107e+00 | 29  0.00382  7.04974e+01 | 30  0.00791 -1.25525e+02
 31  0.00409  1.53606e+02 | 32  0.00584 -5.54256e+00 | 33 -0.01074  1.05949e+01
 34  0.01187 -1.09869e+02 | 35  0.00061  2.59268e+01 | 36 -0.03956 -7.81653e+00
 37 -0.01606  4.76645e+01 | 38 -0.05062  4.54270e+01 | 39 -0.09854 -1.34917e+02
 40 -0.82946 -9.44053e+02 | 41 -0.72859 -2.75583e+02 | 42 -0.89822 -5.12402e+03
 43 -0.93297 -5.65900e+03 | 44 -0.01067 -3.73922e+02 | 45 -0.00290  3.16890e+02
 46  0.03140 -1.05725e+02 | 47 -0.11670 -1.85384e+02 | 48 -1.38861 -1.41345e-01
 49 -0.00504  4.07647e-02 | 50  0.00595  3.02768e-01 | 51 -0.56318  6.76536e+00
 52 -1.15469  1.76930e+02 | 53 -0.82801  1.58921e+02 | 54 -1.19610 -1.74806e+02
 55 -0.53191 -5.45018e+01 | 56 -0.40757  3.32625e+01 | 57  0.34070  2.76928e+00
 58 -0.68869 -5.90274e-03 | 59 -0.62700 -9.11192e+01 |
59 variables; iteration 60; function evaluation 82; phase 2
Function value 3.8137568e+02; maximum gradient component mag -1.0643e+04
Var    Value     Gradient |Var    Value     Gradient |Var    Value     Gradient
  1  0.24670 -1.06430e+04 |  2  0.02177  9.66392e+00 |  3  0.23320  1.91506e+02
  4  0.06378 -7.63222e+00 |  5  0.08899  9.88117e+00 |  6  0.07064  1.22802e+02
  7 -0.08974 -9.41845e+01 |  8 -0.05878 -3.10898e+01 |  9 -0.00047  3.18981e+01
 10  0.07748  8.06169e+01 | 11  0.02096  3.79782e+01 | 12  0.01948  8.18150e+00
 13  0.00709  1.05778e+01 | 14  0.02488  3.38579e+01 | 15  0.05244  3.60184e+01
 16 -0.02583 -2.67281e+01 | 17 -0.09597 -7.48193e+01 | 18  0.00390  1.09892e+01
 19 -0.03270 -3.53871e+01 | 20  0.09882  3.41381e+01 | 21  0.08461 -7.73823e+00
 22 -0.00594  5.16013e+00 | 23 -0.02291 -1.02435e+02 | 24 -0.09043 -2.53580e+01
 25  0.02976  1.03297e+02 | 26 -0.00598 -1.94463e+01 | 27 -0.04071 -1.01407e+02
 28  0.04498 -1.79142e+01 | 29 -0.00717 -1.41080e+01 | 30  0.04641 -4.42781e+01
 31 -0.02390 -3.75975e+01 | 32  0.01598 -3.88502e+01 | 33 -0.01309 -6.04348e+01
 34  0.04578 -3.77229e+01 | 35  0.01670  5.76600e+00 | 36 -0.01273  4.09574e+01
 37 -0.02894 -2.19736e+01 | 38 -0.07125 -7.39281e+01 | 39 -0.04329 -5.14861e+01
 40 -0.84739 -9.92238e+02 | 41 -0.75020 -1.14826e+02 | 42 -0.89894 -4.28027e+03
 43 -0.93417 -4.21084e+03 | 44 -0.05514 -7.23426e+02 | 45 -0.09293 -4.46828e+02
 46  0.02011  2.50232e+01 | 47 -0.14980 -1.59486e+02 | 48 -1.11770  1.63258e-02
 49  0.00766  5.96615e-04 | 50  0.38184  5.62217e-02 | 51 -0.63248  1.63524e+00
 52 -1.10926  2.86270e+02 | 53 -0.88173  2.64309e+02 | 54 -1.20930 -1.13666e+02
 55 -0.52401 -3.32192e+01 | 56 -0.31151  4.10083e+02 | 57 -0.81353  7.82986e+00
 58 -0.67028 -5.51251e-03 | 59 -0.64349 -1.77557e+02 |
Maximum number of function evaluations exceeded

 - final statistics:
59 variables; iteration 68; function evaluation 100
Function value 2.8067e+02; maximum gradient component mag -1.6723e+04
Exit code = 3;  converg criter 1.0000e+01
Var    Value     Gradient |Var    Value     Gradient |Var    Value     Gradient
  1  0.26641 -6.52497e+03 |  2  0.04621  3.26679e+01 |  3  0.17598  1.71461e+02
  4 -0.00234 -7.17660e+01 |  5  0.05873  4.61067e+01 |  6 -0.02322 -5.33279e+01
  7 -0.06469 -4.61420e+00 |  8 -0.04838 -2.91567e+01 |  9  0.03119  9.10735e+01
 10  0.04760  4.73584e+01 | 11 -0.03694 -5.16197e+01 | 12  0.02448  4.01929e+01
 13  0.02392  5.16048e+01 | 14 -0.00165 -2.48875e+01 | 15  0.05691  5.58236e+01
 16 -0.04371 -7.31181e+01 | 17 -0.07640 -5.01906e+01 | 18 -0.00251 -3.37968e+01
 19 -0.01019  7.92061e+00 | 20  0.10267  9.01146e+00 | 21  0.10052  8.38016e+00
 22  0.00912  1.36145e+01 | 23  0.02610  1.12813e+01 | 24 -0.11025 -9.76002e+01
 25 -0.01039  2.62938e+00 | 26  0.02156  3.38779e+01 | 27 -0.00885 -5.41621e+01
 28  0.05401 -1.05295e+01 | 29  0.00647  1.27960e+01 | 30  0.07270  4.26709e+01
 31 -0.04209 -1.27515e+02 | 32  0.01088 -7.64227e+01 | 33 -0.01810 -9.03684e+01
 34  0.05612 -7.13816e+00 | 35 -0.00209 -6.08630e+01 | 36 -0.04278 -3.87907e+01
 37 -0.02380 -6.24013e+00 | 38 -0.06170 -6.23503e+01 | 39 -0.03175 -3.37296e+01
 40 -0.86011 -6.43617e+02 | 41 -0.78473 -2.06931e+01 | 42 -0.89631 -2.04045e+03
 43 -0.93379 -1.88317e+03 | 44 -0.10610 -7.19204e+02 | 45 -0.15828 -6.83047e+02
 46 -0.01611  5.34043e+01 | 47 -0.17662 -5.28482e+01 | 48 -0.39164  1.92988e+02
 49 -0.00717  9.16163e+00 | 50  0.70546  6.26751e-03 | 51 -1.12781  1.54026e-02
 52 -0.99028 -1.67229e+04 | 53 -1.01072 -1.51601e+04 | 54 -1.27580 -6.28880e+01
 55 -0.49520 -1.93265e+01 | 56 -0.33425  1.09088e+02 | 57 -0.77506  4.34405e+00
 58 -0.62536 -4.70701e-03 | 59 -0.63598 -1.65887e+02 |

Initial statistics: 59 variables; iteration 0; function evaluation 0; phase 3
Function value 2.8054707e+02; maximum gradient component mag -1.6723e+04
Var    Value     Gradient |Var    Value     Gradient |Var    Value     Gradient
  1  0.26641 -6.52497e+03 |  2  0.04621  3.26679e+01 |  3  0.17598  1.71461e+02
  4 -0.00234 -7.17660e+01 |  5  0.05873  4.61067e+01 |  6 -0.02277 -3.68636e+01
  7 -0.06423  1.17779e+01 |  8 -0.04792 -1.27287e+01 |  9  0.03164  1.07526e+02
 10  0.04805  6.37852e+01 | 11 -0.03649 -3.51726e+01 | 12  0.02493  5.66554e+01
 13  0.02438  6.80676e+01 | 14 -0.00119 -8.41128e+00 | 15  0.05736  7.22295e+01
 16 -0.04326 -5.66834e+01 | 17 -0.07594 -3.38357e+01 | 18 -0.00206 -1.73207e+01
 19 -0.00973  2.43951e+01 | 20  0.10313  2.52710e+01 | 21  0.10098  2.46487e+01
 22  0.00957  3.00887e+01 | 23  0.02655  2.77429e+01 | 24 -0.10979 -8.13807e+01
 25 -0.00994  1.91037e+01 | 26  0.02201  5.03435e+01 | 27 -0.00839 -3.76878e+01
 28  0.05447  5.88713e+00 | 29  0.00693  2.92712e+01 | 30  0.07316  5.90350e+01
 31 -0.04164 -1.11080e+02 | 32  0.01133 -5.99481e+01 | 33 -0.01765 -7.39003e+01
 34  0.05657  9.27356e+00 | 35 -0.00164 -4.43869e+01 | 36 -0.04232 -2.23527e+01
 37 -0.02335  1.02249e+01 | 38 -0.06125 -4.59545e+01 | 39 -0.03129 -1.72744e+01
 40 -0.86011 -6.43617e+02 | 41 -0.78473 -2.06931e+01 | 42 -0.89631 -2.04045e+03
 43 -0.93379 -1.88317e+03 | 44 -0.10610 -7.19204e+02 | 45 -0.15828 -6.83047e+02
 46 -0.01611  5.34043e+01 | 47 -0.17662 -5.28482e+01 | 48 -0.39164  1.92988e+02
 49 -0.00717  9.16163e+00 | 50  0.70546  6.26751e-03 | 51 -0.87219 -1.54026e-02
 52 -0.99028 -1.67229e+04 | 53 -0.98928  1.51601e+04 | 54 -0.72420  6.28880e+01
 55 -0.49520 -1.93265e+01 | 56 -0.33425  1.09088e+02 | 57 -0.77506  4.34405e+00
 58 -0.62536 -4.70701e-03 | 59 -0.63598 -1.65887e+02 |

Intermediate statistics: 59 variables; iteration 20; function evaluation 29; phase 3
Function value 1.8329248e+02; maximum gradient component mag -9.6997e+03
Var    Value     Gradient |Var    Value     Gradient |Var    Value     Gradient
  1  0.26680 -3.74590e+03 |  2 -0.03305 -4.68953e+00 |  3  0.03096  8.16503e+00
  4 -0.02051 -2.77011e+00 |  5  0.03224 -3.82768e+00 |  6  0.01214  1.64057e+01
  7 -0.03712  1.53604e+01 |  8 -0.01701  2.05661e+01 |  9  0.00241  3.09830e+01
 10  0.04034  2.81091e+01 | 11 -0.00227  2.04980e+01 | 12  0.01310  1.88898e+01
 13 -0.00032  1.22649e+01 | 14  0.00931  1.90673e+01 | 15  0.02899 -1.08796e+00
 16 -0.01693  1.16799e+00 | 17 -0.05312  2.83039e+00 | 18  0.00045 -8.55539e-01
 19 -0.02073 -7.14895e+00 | 20  0.07334 -1.40429e+01 | 21  0.07623 -1.42210e+01
 22 -0.01067 -6.51560e+00 | 23  0.00389 -1.15982e+01 | 24 -0.08242 -1.56467e+00
 25 -0.00946  6.81525e+00 | 26  0.00629  1.58725e+01 | 27 -0.00879 -1.08856e+01
 28  0.03414 -3.05530e+01 | 29 -0.01521 -1.88736e+01 | 30  0.04805 -1.45896e+01
 31 -0.02843 -5.18583e+01 | 32  0.01687 -1.30200e+01 | 33 -0.00741 -2.87827e+01
 34  0.04109 -3.87394e+01 | 35  0.00117 -2.37446e+01 | 36 -0.03574 -1.39796e+01
 37 -0.02998 -3.10584e+01 | 38 -0.04790 -1.36784e+01 | 39  0.01225  1.03599e+01
 40 -0.85979 -5.60052e+02 | 41 -0.79297 -2.62328e+02 | 42 -0.87453 -1.36236e+02
 43 -0.92766 -7.65449e+02 | 44 -0.08969 -5.06445e+02 | 45 -0.11947 -2.49413e+02
 46 -0.03514 -1.23867e+02 | 47 -0.18941 -1.46020e+02 | 48 -0.39503  1.38304e+02
 49 -0.02832  7.07388e+00 | 50  0.70536  6.26501e-03 | 51 -0.87194 -1.53713e-02
 52 -0.98989 -9.69966e+03 | 53 -0.98975  9.56532e+03 | 54 -0.68365  4.38523e+01
 55 -0.48525 -1.89979e+01 | 56 -0.33467  7.52307e+01 | 57 -0.77507  3.01747e+00
 58 -0.62528 -4.70577e-03 | 59 -0.59320 -1.51612e+01 |
59 variables; iteration 40; function evaluation 55; phase 3
Function value 1.6882178e+02; maximum gradient component mag -1.1430e+03
Var    Value     Gradient |Var    Value     Gradient |Var    Value     Gradient
  1  0.27265 -1.14296e+03 |  2 -0.05514 -2.27496e+01 |  3  0.03941  1.54999e+01
  4 -0.00408  1.01044e+01 |  5  0.05658  1.81520e+01 |  6  0.03230  1.33338e+01
  7 -0.02177  1.65334e+01 |  8 -0.02444 -1.73223e+01 |  9  0.00421  2.05900e+01
 10  0.03911  1.09673e+01 | 11 -0.00463  1.05616e+01 | 12 -0.00357 -1.57603e+01
 13 -0.01412 -7.89307e+00 | 14 -0.00872 -1.67280e+01 | 15  0.03161  8.75007e+00
 16 -0.01457  6.40150e-01 | 17 -0.04036  2.12128e+01 | 18  0.00416  1.43295e+00
 19 -0.02015 -5.38469e-01 | 20  0.07044 -1.70439e+01 | 21  0.08268  1.63230e+01
 22 -0.01875 -2.16777e+01 | 23  0.00190 -9.71468e+00 | 24 -0.07847  1.41026e+01
 25 -0.02259 -2.02401e+01 | 26 -0.01254 -2.68291e+01 | 27 -0.00172  2.01201e+01
 28  0.04325  1.88582e+01 | 29 -0.01305 -5.29292e+00 | 30  0.04335 -1.42953e+01
 31 -0.02666 -2.64767e+01 | 32  0.01983  3.29449e+00 | 33 -0.00220  2.44705e+00
 34  0.04616  4.09823e+00 | 35  0.01083  2.09322e+01 | 36 -0.03979 -2.29583e+01
 37 -0.03137 -1.97887e+01 | 38 -0.04294  7.55535e+00 | 39  0.01178 -6.03734e+00
 40 -0.86323 -1.79734e+02 | 41 -0.79743 -9.14324e+01 | 42 -0.87805 -4.07679e+01
 43 -0.92791 -2.25027e+02 | 44 -0.08421 -1.50172e+02 | 45 -0.12045 -8.34169e+01
 46 -0.03486 -4.40578e+01 | 47 -0.19175 -5.05973e+01 | 48 -0.38577  4.96276e+01
 49 -0.59818  2.07379e+00 | 50  0.70014  6.14063e-03 | 51 -0.85933 -1.39596e-02
 52 -0.99208 -5.60504e+02 | 53 -0.99223  5.71026e+02 | 54 -0.64067  3.84762e+00
 55 -0.42283  2.07990e+00 | 56 -0.33063  2.87902e+01 | 57 -0.77641  1.05378e+00
 58 -0.62136 -4.64363e-03 | 59 -0.58653  3.45332e+00 |
59 variables; iteration 60; function evaluation 89; phase 3
Function value 1.6358323e+02; maximum gradient component mag 4.3170e+02
Var    Value     Gradient |Var    Value     Gradient |Var    Value     Gradient
  1  0.25959 -9.74361e+01 |  2 -0.02599  1.81567e+00 |  3  0.02233  3.28361e-01
  4 -0.02286 -3.45935e+00 |  5  0.03717  1.99786e-01 |  6  0.02082 -1.05399e+00
  7 -0.02882 -2.33693e+00 |  8 -0.01122  2.44343e+00 |  9 -0.00179 -2.94845e+00
 10  0.03734 -2.56990e+00 | 11 -0.00093  1.06692e+00 | 12  0.01248 -7.19217e-01
 13 -0.00178  6.20071e-01 | 14  0.00828  3.73624e-01 | 15  0.02999 -6.73326e-01
 16 -0.01521  1.50607e+00 | 17 -0.05232 -1.64748e+00 | 18 -0.00036 -1.09689e+00
 19 -0.02253  8.80150e-02 | 20  0.07310  3.69168e+00 | 21  0.07406 -1.23786e+00
 22 -0.01200  8.31805e-01 | 23  0.00190 -1.13282e-01 | 24 -0.08339 -9.72909e-03
 25 -0.00841  3.25767e+00 | 26  0.00553  2.05034e+00 | 27 -0.01138 -2.94864e+00
 28  0.03314 -1.80859e+00 | 29 -0.01535 -5.42465e-01 | 30  0.04227  1.34688e+00
 31 -0.02430  3.01199e+00 | 32  0.01573  1.34851e+00 | 33 -0.00773 -2.32800e-01
 34  0.03918  6.86324e-03 | 35  0.00075 -1.25401e+00 | 36 -0.03589  2.08143e+00
 37 -0.02948  1.68223e+00 | 38 -0.04782 -7.87537e-03 | 39  0.01631 -3.26579e-01
 40 -0.84545 -5.08247e+01 | 41 -0.76947 -1.62381e+01 | 42 -0.86274 -4.25804e+01
 43 -0.91747 -9.62589e+01 | 44 -0.05037  1.51851e+01 | 45 -0.08522  9.02842e+00
 46 -0.00177  4.91461e+00 | 47 -0.15870  6.84744e+00 | 48 -0.39216  1.60231e+01
 49 -0.78766  4.64921e-01 | 50  0.67194  5.52941e-03 | 51 -0.80148 -9.73611e-03
 52 -0.99196 -4.22514e+02 | 53 -0.99213  4.31698e+02 | 54 -0.62633  6.10158e+00
 55 -0.41621 -2.93471e+00 | 56 -0.33253 -2.46361e+00 | 57 -0.78228 -1.01216e-01
 58 -0.59978 -4.32070e-03 | 59 -0.59125 -1.17016e+00 |
Maximum number of function evaluations exceeded

 - final statistics:
59 variables; iteration 68; function evaluation 100
Function value 1.5969e+02; maximum gradient component mag -1.7351e+03
Exit code = 3;  converg criter 1.0000e+00
Var    Value     Gradient |Var    Value     Gradient |Var    Value     Gradient
  1  0.21108 -5.48963e+02 |  2 -0.02681 -7.39131e-01 |  3  0.02313 -2.19031e-01
  4 -0.01933  3.24056e+00 |  5  0.03667 -3.00284e+00 |  6  0.02076  3.53504e+00
  7 -0.02952 -2.75867e-01 |  8 -0.01158  2.55090e+00 |  9 -0.00205 -1.45979e+00
 10  0.04337  4.06557e+00 | 11  0.00261 -2.24910e+00 | 12  0.01866 -9.64775e-01
 13  0.00016  4.15855e+00 | 14  0.00438 -4.24205e+00 | 15  0.03620  3.31810e+00
 16 -0.01257 -5.11706e-01 | 17 -0.05355  1.99400e-01 | 18 -0.00243 -1.79384e+00
 19 -0.02243  7.07713e+00 | 20  0.07183  1.74458e+00 | 21  0.07351 -2.86678e-01
 22 -0.01685 -5.24045e+00 | 23  0.00025 -2.49509e+00 | 24 -0.08522  6.25644e-01
 25 -0.01243  7.33892e-02 | 26 -0.00012 -8.26663e-01 | 27 -0.01091 -1.07432e-01
 28  0.03653 -9.47005e-02 | 29 -0.01445 -3.00804e-02 | 30  0.04162 -1.34387e+00
 31 -0.02693 -1.82431e+00 | 32  0.01552  3.28293e-01 | 33 -0.00622  3.21866e-01
 34  0.04037 -1.57643e+00 | 35  0.00070 -2.47094e-01 | 36 -0.03660 -1.51528e+00
 37 -0.02749 -4.00136e+00 | 38 -0.04940 -2.42641e+00 | 39  0.01426  2.90000e+00
 40 -0.76038 -4.07189e+01 | 41 -0.63846 -3.57087e+01 | 42 -0.78272 -7.10183e+01
 43 -0.86581 -1.48704e+02 | 44  0.04690 -1.51171e+01 | 45  0.01005 -7.77788e+00
 46  0.09866 -6.98982e+00 | 47 -0.06687 -2.22887e+00 | 48 -0.46973  2.92129e-02
 49 -1.07756  2.18234e-02 | 50  0.34093  3.63539e-03 | 51 -1.29908 -5.81160e-02
 52 -0.98958  1.66286e+03 | 53 -0.99001 -1.73506e+03 | 54 -0.57433  1.50875e+01
 55 -0.37971 -3.85259e+00 | 56 -0.33087  1.36482e+00 | 57 -0.57352  7.14292e-02
 58 -0.35490 -1.95884e-03 | 59 -0.59361 -6.97234e-01 |

Initial statistics: 61 variables; iteration 0; function evaluation 0; phase 4
Function value 1.5969190e+02; maximum gradient component mag -1.7351e+03
Var    Value     Gradient |Var    Value     Gradient |Var    Value     Gradient
  1  0.21108 -5.48963e+02 |  2 -0.02681 -7.39131e-01 |  3  0.02313 -2.19031e-01
  4 -0.01933  3.24056e+00 |  5  0.03667 -3.00284e+00 |  6  0.02076  3.61149e+00
  7 -0.02952 -1.99457e-01 |  8 -0.01158  2.62738e+00 |  9 -0.00205 -1.38330e+00
 10  0.04337  4.14189e+00 | 11  0.00261 -2.17260e+00 | 12  0.01866 -8.88315e-01
 13  0.00016  4.23505e+00 | 14  0.00438 -4.16556e+00 | 15  0.03620  3.39446e+00
 16 -0.01257 -4.35228e-01 | 17 -0.05354  2.75623e-01 | 18 -0.00243 -1.71735e+00
 19 -0.02243  7.15358e+00 | 20  0.07183  1.82059e+00 | 21  0.07351 -2.10695e-01
 22 -0.01684 -5.16399e+00 | 23  0.00025 -2.41860e+00 | 24 -0.08522  7.01453e-01
 25 -0.01242  1.49868e-01 | 26 -0.00011 -7.50170e-01 | 27 -0.01091 -3.09499e-02
 28  0.03653 -1.83334e-02 | 29 -0.01445  4.63928e-02 | 30  0.04162 -1.26754e+00
 31 -0.02693 -1.74789e+00 | 32  0.01552  4.04763e-01 | 33 -0.00622  3.98355e-01
 34  0.04037 -1.50009e+00 | 35  0.00070 -1.70601e-01 | 36 -0.03660 -1.43891e+00
 37 -0.02749 -3.92494e+00 | 38 -0.04940 -2.35015e+00 | 39  0.01426  2.97648e+00
 40 -0.76038 -4.07189e+01 | 41 -0.63846 -3.57087e+01 | 42 -0.78272 -7.10183e+01
 43 -0.86581 -1.48704e+02 | 44  0.04690 -1.51171e+01 | 45  0.01005 -7.77788e+00
 46  0.09866 -6.98982e+00 | 47 -0.06687 -2.22887e+00 | 48 -0.46973  2.92129e-02
 49 -0.92244 -2.18234e-02 | 50  0.34093  3.63539e-03 | 51 -0.70092  5.81160e-02
 52 -0.98958  1.66286e+03 | 53 -0.99001 -1.73506e+03 | 54 -0.57433  1.50875e+01
 55 -0.37971 -3.85259e+00 | 56 -0.33087  1.36482e+00 | 57 -0.57352  7.14292e-02
 58 -0.35490 -1.95884e-03 | 59 -0.59361 -6.97234e-01 | 60 -0.50650  1.19907e+01
 61 -1.00000 -1.23764e-07 |

Intermediate statistics: 61 variables; iteration 20; function evaluation 36; phase 4
Function value 1.4131074e+02; maximum gradient component mag -1.7911e+03
Var    Value     Gradient |Var    Value     Gradient |Var    Value     Gradient
  1  0.19762 -1.79110e+03 |  2 -0.01354 -6.03950e-01 |  3  0.08026  4.70609e+01
  4  0.02794  4.44478e+01 |  5  0.05357 -4.86971e+00 |  6  0.02906  5.62659e+00
  7 -0.01684  1.73018e+01 |  8 -0.00061  1.50766e+01 |  9  0.00859  8.72396e+00
 10  0.06416  3.01931e+01 | 11  0.02100  1.69122e+01 | 12  0.03509  2.20042e+01
 13  0.00556  1.25446e+01 | 14  0.01357  1.50659e+01 | 15  0.04255  1.53618e+01
 16 -0.00251  2.26416e+01 | 17 -0.04786  1.75390e+01 | 18  0.00283  2.62405e+01
 19 -0.03679 -2.12569e+01 | 20  0.06925  1.04805e+01 | 21  0.07695  2.77876e+01
 22 -0.02602 -1.64754e+01 | 23  0.00259  2.68168e+01 | 24 -0.10145 -2.68655e+01
 25 -0.01790  2.52846e+00 | 26 -0.00707  1.65537e+00 | 27 -0.01785 -7.95044e+00
 28  0.04128  3.19482e+01 | 29 -0.03006 -3.61272e+01 | 30  0.04848 -1.13305e+01
 31 -0.03986 -7.58428e+01 | 32  0.01630 -5.26607e+01 | 33 -0.01200 -6.45634e+01
 34  0.04815 -3.17061e+00 | 35 -0.00501 -5.02967e+01 | 36 -0.05034 -4.17879e+01
 37 -0.04155 -6.19739e+01 | 38 -0.06815 -1.10809e+02 | 39 -0.01111 -1.36266e+01
 40 -0.72593 -1.00689e+01 | 41 -0.58845 -4.76644e+01 | 42 -0.75290 -1.07455e+02
 43 -0.83811 -1.21603e+02 | 44  0.07659 -5.32446e+01 | 45  0.04340 -3.57987e+02
 46  0.12843 -5.65579e+01 | 47 -0.04019 -7.92843e+01 | 48 -0.47070  1.69367e-02
 49 -0.92119 -2.18729e-02 | 50  0.34075  3.45520e-03 | 51 -0.70335  5.20272e-02
 52 -0.98603  7.92398e+02 | 53 -0.98663 -8.28541e+02 | 54 -0.50024 -1.74638e+01
 55 -0.28696  3.81422e+01 | 56 -0.32835  1.53267e+01 | 57 -0.56956  7.99855e-01
 58 -0.35479 -1.95808e-03 | 59 -0.76835  5.88344e+01 | 60 -0.72432 -2.21813e+01
 61 -0.83779 -4.64439e+01 |
61 variables; iteration 40; function evaluation 59; phase 4
Function value 1.3716423e+02; maximum gradient component mag -1.8243e+03
Var    Value     Gradient |Var    Value     Gradient |Var    Value     Gradient
  1  0.19060 -1.82429e+03 |  2 -0.00625  6.36593e+00 |  3  0.06294  2.33325e+01
  4  0.02537  5.18782e+01 |  5  0.05016 -3.46490e+00 |  6  0.02108  4.03767e-01
  7 -0.02903  1.56251e+00 |  8 -0.00187  1.71034e+01 |  9  0.01123  1.59628e+01
 10  0.06343  3.31923e+01 | 11  0.00857 -6.53843e+00 | 12  0.03437  2.07899e+01
 13  0.00967  2.08310e+01 | 14  0.01686  2.04441e+01 | 15  0.04282  1.28798e+01
 16  0.00252  3.37305e+01 | 17 -0.04546  2.33902e+01 | 18  0.00485  3.71978e+01
 19 -0.03710 -1.98169e+01 | 20  0.06520  8.88944e+00 | 21  0.07604  3.68439e+01
 22 -0.03666 -3.80674e+01 | 23 -0.01061 -5.47678e+00 | 24 -0.10524 -2.81441e+01
 25 -0.02028 -1.42248e+01 | 26  0.00683  3.66061e+01 | 27 -0.02138 -1.46941e+01
 28  0.04220  3.82043e+01 | 29 -0.02929 -3.90291e+01 | 30  0.04730 -2.13362e+01
 31 -0.04275 -9.33772e+01 | 32  0.01636 -5.24132e+01 | 33 -0.00697 -5.73639e+01
 34  0.04668 -2.01684e+01 | 35 -0.00079 -4.47396e+01 | 36 -0.05019 -5.25823e+01
 37 -0.03768 -6.65165e+01 | 38 -0.05563 -9.31872e+01 | 39  0.00629  4.66109e+00
 40 -0.70628 -7.49804e+00 | 41 -0.56094 -6.81061e+01 | 42 -0.73184 -5.92412e+01
 43 -0.82581 -1.00242e+02 | 44  0.09261  1.45311e+01 | 45  0.06526 -3.28703e+02
 46  0.14252 -8.84615e+01 | 47 -0.03533 -1.32276e+02 | 48 -0.50023 -9.74550e-04
 49 -0.87541 -1.50087e-02 | 50  0.33460  1.82869e-03 | 51 -0.77274 -8.30825e-03
 52 -0.97869 -6.72486e+02 | 53 -0.97961  7.02755e+02 | 54 -0.50279 -2.91249e+01
 55 -0.29573  4.72092e+01 | 56 -0.35061 -4.10983e+00 | 57 -0.41287 -3.44920e-01
 58 -0.35069 -1.93014e-03 | 59 -0.78932  3.29870e+01 | 60 -0.74619 -8.92083e+00
 61 -0.84458 -3.02514e+01 |
61 variables; iteration 60; function evaluation 89; phase 4
Function value 1.1893801e+02; maximum gradient component mag 2.5949e+03
Var    Value     Gradient |Var    Value     Gradient |Var    Value     Gradient
  1  0.17384 -4.09307e+02 |  2 -0.03066 -7.40571e+00 |  3  0.02777 -9.36667e-01
  4 -0.01316  1.07131e+01 |  5  0.03458 -1.22912e+01 |  6  0.01847  2.82846e+00
  7 -0.02459  5.50933e+00 |  8  0.00278  1.92237e+01 |  9  0.00827  1.09314e+01
 10  0.04819 -6.65359e+00 | 11  0.01962  3.99816e+00 | 12  0.04609  2.39535e+01
 13  0.01633  2.69549e+01 | 14  0.01880  1.69197e+01 | 15  0.04727  1.27035e+01
 16 -0.00754 -3.04822e+00 | 17 -0.05272  2.53416e+01 | 18 -0.02675 -1.45779e+01
 19 -0.04047 -9.00427e+00 | 20  0.04726 -4.08089e+00 | 21  0.05957  2.39042e+01
 22 -0.03424 -1.12672e+01 | 23 -0.01833  7.72445e+00 | 24 -0.10330  3.17341e+00
 25 -0.02215 -3.11608e+00 | 26 -0.01404  7.01616e+00 | 27 -0.03413 -2.02456e+01
 28  0.02097 -3.86413e+01 | 29 -0.01976  1.20655e+01 | 30  0.04570  3.19196e+00
 31 -0.02772  6.22404e+00 | 32  0.02556 -1.06380e+01 | 33  0.00529 -8.89498e+00
 34  0.04238 -1.73201e+01 | 35  0.01773  1.70617e+01 | 36 -0.03775 -1.70926e+01
 37 -0.02402  9.63339e+00 | 38 -0.02134 -7.50417e+00 | 39  0.02052  1.42173e+01
 40 -0.65345 -2.64096e+01 | 41 -0.46649 -3.64018e+01 | 42 -0.67012  2.85617e+01
 43 -0.77802 -1.24838e+02 | 44  0.13358  9.78261e+01 | 45  0.14254 -2.42876e+01
 46  0.20233 -2.36249e+01 | 47 -0.00107 -1.37447e+01 | 48 -0.66248 -5.35807e-03
 49 -0.57648 -4.00299e-03 | 50  0.29193  1.55480e-03 | 51 -1.10515  1.87818e-02
 52 -0.96469 -2.48186e+03 | 53 -0.96623  2.59490e+03 | 54 -0.46374  3.18648e+01
 55 -0.32391 -9.43094e+00 | 56 -0.48956 -3.50155e+00 | 57  1.50789  3.90162e-01
 58 -0.32013 -1.72819e-03 | 59 -0.85310  3.55024e+01 | 60 -0.81899 -1.78677e+01
 61 -0.87529 -1.58928e+01 |
61 variables; iteration 80; function evaluation 117; phase 4
Function value 1.1507253e+02; maximum gradient component mag 2.8152e+03
Var    Value     Gradient |Var    Value     Gradient |Var    Value     Gradient
  1  0.16727  1.13571e+02 |  2 -0.01950  2.09349e+00 |  3  0.02557 -9.73651e-01
  4 -0.02050 -1.29335e+00 |  5  0.03546 -7.62634e-01 |  6  0.01103 -1.05041e+00
  7 -0.03547 -1.54016e+00 |  8 -0.01363  5.82783e-01 |  9 -0.00455  9.25054e-02
 10  0.04861  1.16037e-01 | 11  0.01807 -9.63653e-01 | 12  0.03927  4.89834e-01
 13  0.00632  3.30820e+00 | 14  0.00650  5.25128e-01 | 15  0.04841 -1.61236e-01
 16 -0.00014 -1.90971e-01 | 17 -0.05859  2.09939e+00 | 18 -0.02177 -2.20277e+00
 19 -0.03444 -1.54750e-01 | 20  0.05038 -1.33260e+00 | 21  0.05518  7.74769e-01
 22 -0.02911  5.90944e-01 | 23 -0.01960 -1.23933e+00 | 24 -0.10133  1.12226e+00
 25 -0.01933  2.56807e-01 | 26 -0.01609  4.58725e-01 | 27 -0.02592 -8.02928e-01
 28  0.03215 -3.61563e+00 | 29 -0.01801  1.92352e+00 | 30  0.04700  9.81643e-01
 31 -0.02622  2.47905e+00 | 32  0.03186 -5.90365e-02 | 33  0.01150  4.75248e-01
 34  0.04662 -5.06174e-01 | 35  0.01858  2.88655e+00 | 36 -0.02638  3.99749e-01
 37 -0.02004  2.76057e+00 | 38 -0.01329  3.46472e+00 | 39  0.01253 -4.72315e-01
 40 -0.61284 -1.72240e+01 | 41 -0.40765  6.32679e+00 | 42 -0.64396  1.03633e-01
 43 -0.70622  1.40629e+01 | 44  0.16199  9.18521e-01 | 45  0.15947  1.04183e+01
 46  0.22040  7.14258e-01 | 47  0.01067  4.41082e+00 | 48 -0.39436  4.96228e+00
 49  0.03407  2.39123e-01 | 50  0.13015  6.53267e-04 | 51 -1.20138  9.59027e-03
 52 -0.96093 -2.68721e+03 | 53 -0.96271  2.81523e+03 | 54 -0.33571 -1.72679e+00
 55 -0.25330 -3.95783e+00 | 56 -0.33846 -6.32435e+00 | 57  0.38266 -2.10070e-01
 58 -0.17556 -8.89127e-04 | 59 -0.85648  2.42609e+00 | 60 -0.82077  7.59043e+00
 61 -0.87608 -1.38776e+01 |
61 variables; iteration 100; function evaluation 158; phase 4
Function value 1.1249108e+02; maximum gradient component mag 2.6787e+02
Var    Value     Gradient |Var    Value     Gradient |Var    Value     Gradient
  1  0.15986 -6.41800e+01 |  2 -0.02341 -3.49929e-01 |  3  0.02216  1.85062e-01
  4 -0.02250  9.31036e-02 |  5  0.03355 -2.06258e-02 |  6  0.00644  4.04260e-01
  7 -0.03986  4.80390e-01 |  8 -0.01775  5.19638e-01 |  9 -0.00876  1.93221e-01
 10  0.04862  4.47578e-01 | 11  0.02063  3.78578e-01 | 12  0.04372  2.63180e-01
 13  0.00440  1.43254e-01 | 14  0.00285  2.21098e-01 | 15  0.05268 -1.59280e-01
 16  0.00454 -9.96448e-02 | 17 -0.06030 -6.19526e-02 | 18 -0.02195 -6.42806e-02
 19 -0.03514 -3.79492e-01 | 20  0.04988  2.39629e-01 | 21  0.05350  2.65485e-01
 22 -0.03304  6.85814e-02 | 23 -0.02192  5.29840e-01 | 24 -0.10303 -2.22004e-01
 25 -0.02010 -1.15444e-01 | 26 -0.01936  1.13881e-01 | 27 -0.02425 -1.73636e-01
 28  0.03612 -4.00648e-01 | 29 -0.01645 -4.94832e-01 | 30  0.04651 -6.80863e-02
 31 -0.02773 -4.16226e-01 | 32  0.03181 -5.77684e-02 | 33  0.01272 -2.30900e-01
 34  0.04595  8.16869e-03 | 35  0.01900 -2.72705e-01 | 36 -0.02142 -4.88320e-01
 37 -0.01460 -1.42035e+00 | 38 -0.00829 -5.57761e-01 | 39  0.01430  4.92628e-01
 40 -0.56139 -2.66164e+00 | 41 -0.35345  4.44692e-01 | 42 -0.60337 -2.55531e+00
 43 -0.66689 -3.93837e+00 | 44  0.20078 -2.42464e+00 | 45  0.18030 -3.30089e+00
 46  0.24497 -1.56222e+00 | 47  0.02310 -8.18434e-01 | 48 -0.39037  6.51387e-01
 49  0.79752  1.57872e-02 | 50  0.21946  1.21782e-03 | 51 -1.27630  3.57442e-03
 52 -0.99615 -2.46049e+02 | 53 -0.99647  2.67872e+02 | 54 -0.31955  2.11956e+00
 55 -0.26111 -4.31909e-01 | 56 -0.30503  7.76795e-01 | 57  0.91801  2.38415e-02
 58 -0.01608 -7.93616e-05 | 59 -0.86191  1.23368e+00 | 60 -0.82673 -4.42598e-01
 61 -0.87869 -8.19971e-01 |
61 variables; iteration 120; function evaluation 178; phase 4
Function value 1.1247602e+02; maximum gradient component mag -3.0918e+00
Var    Value     Gradient |Var    Value     Gradient |Var    Value     Gradient
  1  0.15946  7.27043e-01 |  2 -0.02309  2.16004e-04 |  3  0.02185  1.58764e-02
  4 -0.02274  7.61411e-03 |  5  0.03327  4.24066e-03 |  6  0.00591 -1.07694e-02
  7 -0.04036 -1.08739e-02 |  8 -0.01814 -2.36641e-02 |  9 -0.00900 -8.99488e-03
 10  0.04850 -1.60114e-02 | 11  0.02073 -3.27145e-03 | 12  0.04399 -2.00002e-03
 13  0.00444 -1.65501e-02 | 14  0.00273 -1.05010e-02 | 15  0.05299 -9.68152e-03
 16  0.00489 -9.95465e-03 | 17 -0.06020 -1.37407e-02 | 18 -0.02200  1.92774e-02
 19 -0.03506 -4.17070e-03 | 20  0.04967 -7.31998e-03 | 21  0.05322 -2.27890e-02
 22 -0.03328 -1.27855e-02 | 23 -0.02232 -1.08321e-02 | 24 -0.10297  9.73906e-04
 25 -0.02002  3.86028e-03 | 26 -0.01949 -5.75436e-03 | 27 -0.02418  1.17649e-02
 28  0.03631  1.87947e-02 | 29 -0.01620 -1.89797e-03 | 30  0.04640 -2.66174e-03
 31 -0.02775 -1.43308e-02 | 32  0.03178  2.56426e-03 | 33  0.01285  3.59377e-03
 34  0.04580 -1.10326e-02 | 35  0.01912 -1.74138e-02 | 36 -0.02100 -1.10227e-02
 37 -0.01416 -1.10697e-02 | 38 -0.00775  7.92507e-03 | 39  0.01426 -2.11153e-02
 40 -0.55691  1.10385e-01 | 41 -0.34993 -5.26039e-02 | 42 -0.60073 -1.55533e-01
 43 -0.66204  2.69726e-01 | 44  0.20329 -5.03649e-02 | 45  0.18188  1.57483e-01
 46  0.24659 -6.42621e-03 | 47  0.02384  1.28597e-02 | 48 -0.37070 -1.87413e-01
 49  0.02290 -5.32805e-03 | 50 -0.18825 -5.31785e-04 | 51 -1.31231 -8.93649e-03
 52 -0.99622 -3.09184e+00 | 53 -0.99653  3.09029e+00 | 54 -0.31528 -7.29751e-02
 55 -0.26018  1.29474e-02 | 56 -0.29697  1.35109e-02 | 57  0.16560  9.34385e-04
 58  0.00320  1.57813e-05 | 59 -0.84126  1.21413e-01 | 60 -0.80061 -1.14700e-01
 61 -0.86034 -1.56886e-02 |
61 variables; iteration 140; function evaluation 198; phase 4
Function value 1.1247538e+02; maximum gradient component mag 7.0602e+00
Var    Value     Gradient |Var    Value     Gradient |Var    Value     Gradient
  1  0.15947  1.96285e-01 |  2 -0.02308  2.63937e-03 |  3  0.02186  1.69579e-02
  4 -0.02273  5.97877e-03 |  5  0.03328 -1.76736e-03 |  6  0.00593 -7.62267e-03
  7 -0.04034 -7.74266e-03 |  8 -0.01812 -4.45986e-03 |  9 -0.00898 -1.19332e-02
 10  0.04851 -1.35177e-03 | 11  0.02073 -3.93547e-03 | 12  0.04398  5.63991e-03
 13  0.00444  1.42207e-02 | 14  0.00272 -6.04185e-03 | 15  0.05299  1.18568e-02
 16  0.00489  2.39172e-02 | 17 -0.06020  8.62733e-03 | 18 -0.02200  3.42933e-03
 19 -0.03506  3.44928e-03 | 20  0.04968  5.93307e-03 | 21  0.05323  1.83192e-03
 22 -0.03328 -7.11993e-03 | 23 -0.02232 -2.76525e-04 | 24 -0.10297 -6.86194e-03
 25 -0.02003 -1.74677e-02 | 26 -0.01949 -6.14422e-03 | 27 -0.02418 -2.95602e-03
 28  0.03630 -1.01338e-02 | 29 -0.01620 -8.26484e-04 | 30  0.04640  1.23575e-02
 31 -0.02775 -4.96275e-03 | 32  0.03179  8.87677e-03 | 33  0.01285  4.47660e-03
 34  0.04579  3.11529e-03 | 35  0.01911  7.22431e-03 | 36 -0.02100  1.28325e-02
 37 -0.01417  6.35369e-03 | 38 -0.00776  1.21704e-02 | 39  0.01425 -2.04649e-02
 40 -0.55708 -2.56460e-01 | 41 -0.35000  4.07863e-02 | 42 -0.60077  2.35595e-02
 43 -0.66239  9.09151e-02 | 44  0.20338  2.11688e-01 | 45  0.18183  1.97876e-02
 46  0.24655 -3.49868e-02 | 47  0.02382  1.73107e-02 | 48 -0.36604  2.44118e-01
 49 -0.13850  6.33657e-03 | 50  0.04811  2.57033e-04 | 51 -1.26297  6.46572e-03
 52 -0.99622 -6.73095e+00 | 53 -0.99654  7.06023e+00 | 54 -0.31578 -2.78170e-02
 55 -0.26040  1.35245e-02 | 56 -0.29439 -7.33323e-02 | 57 -0.03740 -1.07601e-03
 58  0.00040  1.95657e-06 | 59 -0.82386  1.02178e-01 | 60 -0.77867 -2.31168e-03
 61 -0.84507 -1.50664e-01 |
61 variables; iteration 160; function evaluation 221; phase 4
Function value 1.1247332e+02; maximum gradient component mag 6.8934e+00
Var    Value     Gradient |Var    Value     Gradient |Var    Value     Gradient
  1  0.15946 -1.43476e+00 |  2 -0.02311 -1.31070e-02 |  3  0.02185  1.19468e-02
  4 -0.02274  6.07270e-03 |  5  0.03327 -5.43266e-04 |  6  0.00592  2.02642e-02
  7 -0.04035  3.20929e-02 |  8 -0.01813  3.91354e-02 |  9 -0.00899  1.96380e-02
 10  0.04851  3.18815e-02 | 11  0.02073  2.89639e-02 | 12  0.04399  3.07220e-02
 13  0.00445  3.38754e-02 | 14  0.00273  1.40198e-02 | 15  0.05299 -6.73576e-03
 16  0.00489  1.03039e-02 | 17 -0.06019  2.42884e-02 | 18 -0.02200  4.59313e-03
 19 -0.03506 -1.19714e-02 | 20  0.04967 -1.08875e-02 | 21  0.05323 -4.21243e-04
 22 -0.03327 -5.38011e-04 | 23 -0.02230  1.23237e-02 | 24 -0.10297  1.83280e-04
 25 -0.02003 -2.70836e-04 | 26 -0.01949  1.60855e-02 | 27 -0.02419 -1.55756e-02
 28  0.03630 -5.80684e-02 | 29 -0.01620 -4.79513e-02 | 30  0.04640 -2.66372e-02
 31 -0.02776 -2.72261e-02 | 32  0.03178 -2.13261e-02 | 33  0.01284 -2.15496e-02
 34  0.04581  1.70525e-03 | 35  0.01913 -9.42239e-03 | 36 -0.02102 -3.36977e-02
 37 -0.01416 -4.85470e-02 | 38 -0.00777 -2.08121e-02 | 39  0.01426  2.36415e-02
 40 -0.55683  3.43538e-01 | 41 -0.35000 -1.21143e-01 | 42 -0.60074  3.27719e-02
 43 -0.66242 -1.00232e-02 | 44  0.20316 -4.95100e-01 | 45  0.18183 -1.20557e-01
 46  0.24656 -5.26671e-02 | 47  0.02383 -2.10780e-02 | 48 -0.37384 -2.64077e-01
 49  0.13283 -6.87615e-03 | 50  0.41365  2.88633e-03 | 51 -1.29806 -1.30618e-02
 52 -0.99609 -6.58227e+00 | 53 -0.99642  6.89343e+00 | 54 -0.31588  3.02070e-02
 55 -0.26047 -2.70080e-02 | 56 -0.29098  4.92906e-01 | 57 -0.34533  3.33539e-03
 58 -0.01322 -6.52779e-05 | 59 -0.70657 -1.95148e-01 | 60 -0.62998  2.54200e-01
 61 -0.74224 -1.63425e-01 |
61 variables; iteration 180; function evaluation 241; phase 4
Function value 1.1247237e+02; maximum gradient component mag 6.7389e+00
Var    Value     Gradient |Var    Value     Gradient |Var    Value     Gradient
  1  0.15947  3.83361e-01 |  2 -0.02309 -3.97256e-03 |  3  0.02185  2.27558e-03
  4 -0.02274  1.59657e-04 |  5  0.03328 -1.76939e-03 |  6  0.00593 -3.33968e-03
  7 -0.04034 -2.35574e-03 |  8 -0.01812 -3.15442e-03 |  9 -0.00898 -4.90512e-03
 10  0.04851 -1.68586e-03 | 11  0.02073 -2.47073e-03 | 12  0.04398 -3.62530e-03
 13  0.00443 -1.61929e-03 | 14  0.00272 -1.71045e-03 | 15  0.05299  7.08758e-03
 16  0.00488  8.05392e-03 | 17 -0.06020 -9.76261e-04 | 18 -0.02200  2.19978e-03
 19 -0.03506  3.53920e-03 | 20  0.04968  7.66356e-03 | 21  0.05323  3.23004e-03
 22 -0.03328  6.79157e-05 | 23 -0.02232  2.53617e-03 | 24 -0.10297 -3.74125e-03
 25 -0.02003 -8.15387e-03 | 26 -0.01949 -2.34943e-03 | 27 -0.02418  9.03855e-03
 28  0.03631  1.64527e-02 | 29 -0.01620  4.81252e-03 | 30  0.04640  7.00309e-03
 31 -0.02775 -1.23762e-04 | 32  0.03178  3.59235e-03 | 33  0.01285  2.63952e-03
 34  0.04579  6.29235e-04 | 35  0.01911 -2.16363e-03 | 36 -0.02101  1.85274e-03
 37 -0.01417 -9.14185e-03 | 38 -0.00776 -1.87841e-03 | 39  0.01426 -3.17861e-03
 40 -0.55703  3.90843e-02 | 41 -0.35002 -1.54035e-02 | 42 -0.60077  3.06065e-02
 43 -0.66251 -1.70865e-02 | 44  0.20332  1.67645e-01 | 45  0.18183 -1.66231e-02
 46  0.24655 -6.03468e-03 | 47  0.02382  4.02856e-03 | 48 -0.37582 -1.15360e-01
 49  0.19837 -2.17626e-03 | 50 -0.07862 -2.39795e-04 | 51 -1.29217  1.05348e-03
 52 -0.99600 -6.44351e+00 | 53 -0.99634  6.73886e+00 | 54 -0.31598  1.67643e-02
 55 -0.26050 -5.56722e-03 | 56 -0.29241 -1.27628e-01 | 57 -0.20669 -2.52258e-03
 58  0.00252  1.24477e-05 | 59 -0.69281 -4.96404e-03 | 60 -0.61248  2.09200e-02
 61 -0.73019 -2.63753e-02 |
61 variables; iteration 200; function evaluation 261; phase 4
Function value 1.1247212e+02; maximum gradient component mag 7.4813e+00
Var    Value     Gradient |Var    Value     Gradient |Var    Value     Gradient
  1  0.15947 -1.12024e-01 |  2 -0.02308 -3.51920e-04 |  3  0.02185  2.17178e-04
  4 -0.02274  3.37000e-06 |  5  0.03328 -1.13423e-03 |  6  0.00593  2.39823e-03
  7 -0.04034  6.45961e-04 |  8 -0.01812  1.98100e-04 |  9 -0.00898  6.87987e-04
 10  0.04851  2.26562e-03 | 11  0.02073  5.72874e-04 | 12  0.04398  2.89387e-04
 13  0.00444 -1.26939e-03 | 14  0.00273  1.05242e-03 | 15  0.05299  2.45868e-03
 16  0.00488  2.49667e-03 | 17 -0.06020 -1.87475e-04 | 18 -0.02200  2.02866e-03
 19 -0.03506 -9.64232e-04 | 20  0.04968  3.93138e-06 | 21  0.05323 -5.43334e-04
 22 -0.03327 -3.79354e-04 | 23 -0.02231  2.27418e-04 | 24 -0.10297 -2.23063e-03
 25 -0.02003 -5.18861e-04 | 26 -0.01949 -1.66683e-04 | 27 -0.02418  4.61595e-04
 28  0.03630  1.76844e-03 | 29 -0.01620 -7.16836e-04 | 30  0.04640 -3.54047e-04
 31 -0.02775 -1.72262e-03 | 32  0.03178 -6.86472e-04 | 33  0.01285 -7.92596e-04
 34  0.04580 -7.20386e-05 | 35  0.01912 -2.65695e-03 | 36 -0.02101 -1.92153e-03
 37 -0.01417 -2.63384e-03 | 38 -0.00776 -8.80242e-04 | 39  0.01426  1.51071e-03
 40 -0.55700 -1.84037e-02 | 41 -0.35002 -3.57035e-04 | 42 -0.60078  2.83821e-02
 43 -0.66254 -4.20400e-03 | 44  0.20327 -1.66510e-02 | 45  0.18183 -1.13227e-02
 46  0.24655  2.19544e-03 | 47  0.02381  1.95043e-03 | 48 -0.36955  3.48374e-02
 49 -0.01620  1.00109e-03 | 50 -0.03486 -1.26411e-05 | 51 -1.29151  8.32156e-04
 52 -0.99590 -7.12719e+00 | 53 -0.99624  7.48133e+00 | 54 -0.31603  1.91774e-04
 55 -0.26052  7.41296e-04 | 56 -0.29515  2.11585e-02 | 57  0.01702  3.35594e-04
 58 -0.00244 -1.20506e-05 | 59 -0.69156  2.36385e-02 | 60 -0.61090 -1.95983e-02
 61 -0.72910  2.24672e-03 |
61 variables; iteration 220; function evaluation 281; phase 4
Function value 1.1247192e+02; maximum gradient component mag 1.0293e+01
Var    Value     Gradient |Var    Value     Gradient |Var    Value     Gradient
  1  0.15947  7.45757e-02 |  2 -0.02308 -1.14076e-04 |  3  0.02185 -7.09640e-04
  4 -0.02274 -3.23334e-04 |  5  0.03328 -4.39409e-04 |  6  0.00593 -7.25000e-04
  7 -0.04034 -8.06801e-04 |  8 -0.01812 -5.68534e-04 |  9 -0.00898 -4.86171e-04
 10  0.04851 -2.08421e-04 | 11  0.02073 -7.91467e-04 | 12  0.04398 -2.77773e-04
 13  0.00444 -5.38742e-04 | 14  0.00273 -3.51951e-04 | 15  0.05299  2.69710e-05
 16  0.00488 -5.04037e-04 | 17 -0.06020 -8.05649e-04 | 18 -0.02200 -1.34836e-03
 19 -0.03506 -1.06027e-03 | 20  0.04968 -7.68960e-04 | 21  0.05323 -1.12324e-04
 22 -0.03327 -3.82139e-04 | 23 -0.02231 -9.93266e-04 | 24 -0.10297 -1.60050e-03
 25 -0.02003 -1.08670e-03 | 26 -0.01949 -1.08464e-03 | 27 -0.02418 -5.87106e-04
 28  0.03630  7.29348e-04 | 29 -0.01620 -1.47254e-04 | 30  0.04640 -3.45496e-04
 31 -0.02775 -8.62539e-04 | 32  0.03178 -1.21254e-03 | 33  0.01285 -1.19801e-03
 34  0.04580 -7.64269e-04 | 35  0.01912 -1.05428e-03 | 36 -0.02101 -1.14604e-03
 37 -0.01417 -1.30588e-03 | 38 -0.00776 -2.28131e-04 | 39  0.01426  7.45659e-05
 40 -0.55701  1.55280e-02 | 41 -0.35004  1.50153e-03 | 42 -0.60079  9.25935e-03
 43 -0.66255 -3.02547e-03 | 44  0.20325  6.64028e-03 | 45  0.18182 -4.85869e-03
 46  0.24654  2.84323e-03 | 47  0.02381 -1.17310e-04 | 48 -0.36949 -1.25388e-02
 49 -0.01870 -4.00620e-04 | 50 -0.02821  4.61318e-05 | 51 -1.29342 -5.27913e-05
 52 -0.99444 -9.73131e+00 | 53 -0.99490  1.02925e+01 | 54 -0.31603  1.26426e-03
 55 -0.26052 -8.24450e-04 | 56 -0.29528 -1.20016e-02 | 57  0.02658 -2.70384e-05
 58  0.29049  1.54224e-03 | 59 -0.69149  9.21050e-03 | 60 -0.61080  1.24147e-03
 61 -0.72903 -1.15417e-02 |
61 variables; iteration 240; function evaluation 303; phase 4
Function value 1.1246055e+02; maximum gradient component mag 7.5160e+00
Var    Value     Gradient |Var    Value     Gradient |Var    Value     Gradient
  1  0.15950  4.91458e+00 |  2 -0.02309 -2.05661e-02 |  3  0.02187 -3.94233e-02
  4 -0.02272 -2.26923e-02 |  5  0.03328 -3.96527e-02 |  6  0.00595  7.72264e-03
  7 -0.04032  5.48337e-03 |  8 -0.01811  1.15228e-02 |  9 -0.00897  1.77007e-02
 10  0.04850  2.57208e-02 | 11  0.02070 -1.14345e-02 | 12  0.04394 -2.89260e-02
 13  0.00443 -7.35370e-03 | 14  0.00274  1.74505e-02 | 15  0.05296  1.73341e-02
 16  0.00486 -3.34841e-03 | 17 -0.06019  5.33836e-03 | 18 -0.02199 -1.00690e-02
 19 -0.03506 -7.90820e-03 | 20  0.04969  1.59160e-02 | 21  0.05325  1.08454e-02
 22 -0.03325  4.43556e-02 | 23 -0.02228 -6.03897e-03 | 24 -0.10294  5.36628e-03
 25 -0.02003  9.07062e-03 | 26 -0.01947 -1.29214e-02 | 27 -0.02417  5.29230e-03
 28  0.03628 -2.72740e-02 | 29 -0.01621 -1.13835e-02 | 30  0.04640 -5.55399e-03
 31 -0.02774  2.73607e-03 | 32  0.03178  2.54313e-02 | 33  0.01284  2.81184e-02
 34  0.04580  3.90454e-04 | 35  0.01910  5.91937e-03 | 36 -0.02104 -8.46143e-05
 37 -0.01418 -2.53961e-02 | 38 -0.00781  2.17410e-02 | 39  0.01425  4.80571e-02
 40 -0.55691  1.82799e+00 | 41 -0.35028 -1.86904e-01 | 42 -0.60097 -2.96774e-02
 43 -0.66285 -2.79232e-01 | 44  0.20309  4.46708e-01 | 45  0.18170 -7.88371e-03
 46  0.24644 -1.58749e-02 | 47  0.02377 -2.83693e-02 | 48 -0.35806 -3.39188e+00
 49 -0.44816 -7.77615e-02 | 50 -0.01540  1.12691e-04 | 51 -1.29312 -1.37921e-04
 52 -0.80036 -6.89810e+00 | 53 -0.81704  7.51596e+00 | 54 -0.31631  1.82540e-01
 55 -0.26058 -9.15751e-02 | 56 -0.29631 -4.91575e-01 | 57  0.09967 -5.57435e-03
 58  0.22661  1.16819e-03 | 59 -0.68784  1.38303e+00 | 60 -0.60630 -5.38257e-01
 61 -0.72597 -7.87784e-01 |
61 variables; iteration 260; function evaluation 323; phase 4
Function value 1.1245921e+02; maximum gradient component mag 9.1634e+00
Var    Value     Gradient |Var    Value     Gradient |Var    Value     Gradient
  1  0.15955 -7.97063e-01 |  2 -0.02306  1.86463e-03 |  3  0.02193  2.27637e-04
  4 -0.02268  9.07784e-04 |  5  0.03333  2.07073e-03 |  6  0.00602  4.38222e-03
  7 -0.04026  3.26145e-03 |  8 -0.01806  3.56336e-03 |  9 -0.00893  3.65077e-03
 10  0.04851  3.71226e-03 | 11  0.02070  2.28514e-03 | 12  0.04392 -3.58042e-04
 13  0.00444 -8.06347e-04 | 14  0.00276  5.37981e-04 | 15  0.05293 -6.83956e-03
 16  0.00482 -5.85629e-03 | 17 -0.06020 -1.41234e-03 | 18 -0.02199  6.97375e-03
 19 -0.03504 -9.91966e-04 | 20  0.04970  1.08789e-03 | 21  0.05325  2.84643e-03
 22 -0.03323  1.21426e-03 | 23 -0.02229  4.65717e-03 | 24 -0.10294  1.55316e-03
 25 -0.02002  1.01688e-02 | 26 -0.01945  3.13431e-03 | 27 -0.02419 -4.78343e-03
 28  0.03627 -1.14820e-02 | 29 -0.01623 -1.04819e-02 | 30  0.04640 -3.98506e-03
 31 -0.02773 -8.83695e-04 | 32  0.03179  2.85005e-04 | 33  0.01283  5.47747e-04
 34  0.04580  5.33590e-03 | 35  0.01910  2.02789e-03 | 36 -0.02107  6.88688e-04
 37 -0.01424  6.65420e-03 | 38 -0.00784 -1.42741e-02 | 39  0.01422  4.86092e-03
 40 -0.55762 -1.91547e-01 | 41 -0.35073  1.40556e-02 | 42 -0.60132  3.05927e-02
 43 -0.66322  2.10375e-02 | 44  0.20295 -1.05462e-01 | 45  0.18156  7.14796e-03
 46  0.24624  2.52812e-03 | 47  0.02368  5.97540e-03 | 48 -0.36691  3.29347e-01
 49 -0.11121  9.02575e-03 | 50 -0.04268 -2.77966e-05 | 51 -1.29370 -8.87490e-06
 52 -0.76213 -8.39755e+00 | 53 -0.78201  9.16339e+00 | 54 -0.31647 -1.46678e-02
 55 -0.26050  6.77395e-03 | 56 -0.29475  1.59340e-01 | 57 -0.02278  1.85737e-03
 58  0.00932  4.60165e-05 | 59 -0.69203  1.70757e-02 | 60 -0.61154 -3.68005e-02
 61 -0.72956  3.40394e-02 |
61 variables; iteration 280; function evaluation 357; phase 4
Function value 1.1239656e+02; maximum gradient component mag -9.4911e+01
Var    Value     Gradient |Var    Value     Gradient |Var    Value     Gradient
  1  0.15945 -9.49110e+01 |  2 -0.02308  4.70688e-02 |  3  0.02184 -6.61219e-01
  4 -0.02275 -4.13569e-01 |  5  0.03328 -4.33499e-02 |  6  0.00593  2.70398e-01
  7 -0.04037 -1.33617e-02 |  8 -0.01815  2.29173e-02 |  9 -0.00901  1.61494e-01
 10  0.04851  3.06003e-01 | 11  0.02074  5.37319e-02 | 12  0.04399  1.22931e-01
 13  0.00442 -1.40837e-01 | 14  0.00272  2.51406e-02 | 15  0.05301  2.84752e-01
 16  0.00491 -1.22954e-01 | 17 -0.06022 -5.42430e-01 | 18 -0.02200 -1.80153e-01
 19 -0.03506 -2.68252e-01 | 20  0.04968  2.91567e-01 | 21  0.05323  4.42814e-01
 22 -0.03329 -1.64007e-02 | 23 -0.02231  5.52591e-02 | 24 -0.10299 -4.69845e-01
 25 -0.02003 -4.21908e-01 | 26 -0.01950 -2.84587e-01 | 27 -0.02417  2.21661e-01
 28  0.03631 -3.12731e-02 | 29 -0.01620 -2.72132e-01 | 30  0.04641  6.51495e-02
 31 -0.02776 -2.14271e-01 | 32  0.03179  2.51313e-01 | 33  0.01286  1.08618e-01
 34  0.04581  1.27458e-01 | 35  0.01913 -7.16213e-02 | 36 -0.02100 -6.48534e-02
 37 -0.01416 -9.45900e-02 | 38 -0.00774 -1.40612e-01 | 39  0.01429  6.76988e-01
 40 -0.55719  2.05216e+00 | 41 -0.34987  2.34925e+00 | 42 -0.60065 -2.23151e+01
 43 -0.66236  2.08944e+00 | 44  0.20327  6.75824e-01 | 45  0.18190  9.43654e-02
 46  0.24664  2.35557e-01 | 47  0.02385 -1.87197e-01 | 48 -0.37129 -3.53687e+00
 49  0.03362 -1.04315e-01 | 50 -0.08353 -2.40933e-04 | 51 -1.29620  2.02876e-04
 52 -0.55237 -2.37286e+01 | 53 -0.59073  2.60215e+01 | 54 -0.31594 -1.38446e+00
 55 -0.26055  2.80473e-01 | 56 -0.29527 -7.00273e-01 | 57  0.02017 -8.56876e-03
 58  0.07410  3.67400e-04 | 59 -0.69347  6.19352e-02 | 60 -0.61339 -2.30646e-01
 61 -0.73072  2.63127e-01 |
61 variables; iteration 300; function evaluation 385; phase 4
Function value 1.1151231e+02; maximum gradient component mag -1.9051e+01
Var    Value     Gradient |Var    Value     Gradient |Var    Value     Gradient
  1  0.15701 -1.90505e+01 |  2 -0.02564  1.79073e-02 |  3  0.01969 -5.33745e-02
  4 -0.02454 -8.76275e-03 |  5  0.03053  2.95955e-02 |  6  0.00174  1.33523e-01
  7 -0.04311  1.00986e-01 |  8 -0.02000  1.37105e-01 |  9 -0.01091  1.69147e-01
 10  0.04780  1.42260e-01 | 11  0.02138  1.11568e-01 | 12  0.04513  9.66277e-02
 13  0.00462  1.02614e-01 | 14  0.00218  1.08581e-01 | 15  0.05414 -6.12657e-02
 16  0.00652 -1.11152e-01 | 17 -0.05973  7.14491e-05 | 18 -0.02214 -1.34709e-01
 19 -0.03507 -1.55290e-01 | 20  0.04852 -9.30498e-02 | 21  0.05170 -2.91377e-02
 22 -0.03419  4.83425e-02 | 23 -0.02331 -4.70661e-02 | 24 -0.10277 -2.51571e-02
 25 -0.01945  4.71235e-02 | 26 -0.01960 -1.28544e-02 | 27 -0.02391 -1.17453e-01
 28  0.03743 -1.91091e-01 | 29 -0.01524 -4.52682e-02 | 30  0.04627 -9.74173e-02
 31 -0.02788 -1.86795e-02 | 32  0.03167 -6.86922e-02 | 33  0.01357 -2.08460e-02
 34  0.04586 -4.69734e-03 | 35  0.01999 -9.17082e-04 | 36 -0.01903 -8.12654e-02
 37 -0.01175 -8.37933e-02 | 38 -0.00511 -3.04079e-02 | 39  0.01440  1.65019e-01
 40 -0.53697  7.74255e-01 | 41 -0.32924  1.47248e-01 | 42 -0.52755 -1.45363e+00
 43 -0.62961 -1.01577e+00 | 44  0.21311 -2.15468e+00 | 45  0.18940 -2.28529e-01
 46  0.25485 -1.90321e-01 | 47  0.02783 -3.36641e-02 | 48 -0.37845 -4.35035e-02
 49  0.66693  4.87335e-03 | 50  6.27779  1.46878e-03 | 51 -0.78373 -8.88285e-03
 52 -0.41611  5.48079e-01 | 53 -0.49150  1.31438e-01 | 54 -0.28310  8.46133e-01
 55 -0.25104 -3.43024e-01 | 56 -0.29681  1.84895e+00 | 57  0.79471  1.43030e-02
 58 -0.12766 -6.38690e-04 | 59 -0.67542  1.19805e-01 | 60 -0.58908 -3.08468e-01
 61 -0.71313  3.66255e-01 |
61 variables; iteration 320; function evaluation 406; phase 4
Function value 1.1150726e+02; maximum gradient component mag 4.2136e-01
Var    Value     Gradient |Var    Value     Gradient |Var    Value     Gradient
  1  0.15707 -4.06610e-01 |  2 -0.02567  2.44658e-03 |  3  0.01971  3.77491e-03
  4 -0.02454  1.30153e-03 |  5  0.03052  7.67354e-03 |  6  0.00177  1.10453e-03
  7 -0.04306 -3.79919e-03 |  8 -0.01999 -1.10828e-02 |  9 -0.01092 -6.37798e-03
 10  0.04778 -4.24889e-03 | 11  0.02135  5.58486e-04 | 12  0.04507 -3.24587e-03
 13  0.00460 -1.41844e-02 | 14  0.00220 -4.20043e-03 | 15  0.05411  8.58909e-03
 16  0.00648  4.01400e-03 | 17 -0.05973 -1.42234e-02 | 18 -0.02210  1.90414e-03
 19 -0.03505 -1.26510e-03 | 20  0.04854  3.44943e-03 | 21  0.05173 -3.08966e-03
 22 -0.03414 -4.95849e-03 | 23 -0.02325  4.22923e-04 | 24 -0.10276 -3.71382e-03
 25 -0.01944  5.26417e-03 | 26 -0.01954 -4.16773e-03 | 27 -0.02393  1.56107e-03
 28  0.03740  8.44876e-03 | 29 -0.01527  2.41739e-03 | 30  0.04630  7.74997e-03
 31 -0.02787  1.79295e-03 | 32  0.03169  1.10709e-02 | 33  0.01357  8.42572e-03
 34  0.04591  7.79854e-03 | 35  0.02000 -7.22931e-04 | 36 -0.01909  8.85244e-03
 37 -0.01180  6.53623e-03 | 38 -0.00517  6.32161e-03 | 39  0.01438 -4.32426e-03
 40 -0.53793 -2.22361e-01 | 41 -0.32965  2.35973e-02 | 42 -0.52673 -1.03054e-01
 43 -0.62992  1.93793e-01 | 44  0.21245  2.41242e-02 | 45  0.18921  9.97407e-03
 46  0.25467  1.70933e-02 | 47  0.02774  1.36261e-02 | 48 -0.37679  4.21362e-01
 49  0.52376  1.07154e-02 | 50  6.12401  3.95287e-04 | 51 -0.69590  1.69592e-03
 52 -0.41500 -7.62645e-02 | 53 -0.49080  1.63297e-01 | 54 -0.28334 -1.26139e-01
 55 -0.25102  4.19642e-02 | 56 -0.29196 -1.96292e-02 | 57 -0.00381 -2.18353e-04
 58 -0.03570 -1.76380e-04 | 59 -0.68980  2.95288e-02 | 60 -0.60749 -4.83728e-02
 61 -0.72586  4.07334e-02 |
61 variables; iteration 340; function evaluation 427; phase 4
Function value 1.1150642e+02; maximum gradient component mag 1.4699e-01
Var    Value     Gradient |Var    Value     Gradient |Var    Value     Gradient
  1  0.15707  1.46990e-01 |  2 -0.02566 -4.08970e-04 |  3  0.01971 -7.17375e-04
  4 -0.02454 -3.80684e-04 |  5  0.03053 -3.86367e-04 |  6  0.00178 -7.32135e-04
  7 -0.04306 -6.39471e-04 |  8 -0.01998 -1.01713e-03 |  9 -0.01091 -7.03883e-04
 10  0.04778 -9.19259e-04 | 11  0.02134 -5.81431e-04 | 12  0.04507 -1.23196e-03
 13  0.00460 -1.21854e-03 | 14  0.00220 -4.95273e-04 | 15  0.05410  4.12781e-04
 16  0.00648  2.54908e-04 | 17 -0.05973 -3.93169e-04 | 18 -0.02210  6.42423e-04
 19 -0.03505  3.87232e-04 | 20  0.04854  1.33403e-03 | 21  0.05173  7.55168e-04
 22 -0.03414 -1.75022e-04 | 23 -0.02324  9.83694e-04 | 24 -0.10276  1.50625e-03
 25 -0.01944 -1.02598e-03 | 26 -0.01954 -1.31641e-04 | 27 -0.02393  3.00760e-03
 28  0.03739  2.66647e-04 | 29 -0.01527 -1.26116e-03 | 30  0.04630 -2.24882e-04
 31 -0.02787  9.59758e-06 | 32  0.03169  1.54381e-03 | 33  0.01357  1.32559e-03
 34  0.04591 -9.55112e-05 | 35  0.02000 -2.14717e-05 | 36 -0.01909 -2.34030e-04
 37 -0.01180 -1.73331e-03 | 38 -0.00517  2.18582e-03 | 39  0.01438 -4.92824e-04
 40 -0.53804  4.01089e-02 | 41 -0.32969 -2.69954e-03 | 42 -0.52665 -1.48813e-02
 43 -0.63005  3.30552e-03 | 44  0.21244  1.48588e-02 | 45  0.18919  1.19352e-02
 46  0.25465 -2.67460e-05 | 47  0.02773  5.35783e-04 | 48 -0.36588 -7.31188e-02
 49  0.03307 -1.63503e-03 | 50  6.06781  1.55233e-04 | 51 -0.70135  8.74942e-07
 52 -0.41489 -8.36587e-04 | 53 -0.49074  1.01125e-02 | 54 -0.28347 -1.78301e-03
 55 -0.25106  2.72630e-04 | 56 -0.29229  5.94443e-03 | 57  0.03131  1.87655e-04
 58 -0.02654 -1.31069e-04 | 59 -0.69387  1.62511e-03 | 60 -0.61269  7.20573e-03
 61 -0.72945 -1.56610e-02 |

 - final statistics:
61 variables; iteration 357; function evaluation 444
Function value 1.1151e+02; maximum gradient component mag 2.0667e-05
Exit code = 1;  converg criter 1.0000e-04
Var    Value     Gradient |Var    Value     Gradient |Var    Value     Gradient
  1  0.15707  2.06669e-05 |  2 -0.02566  2.32624e-08 |  3  0.01971  7.50904e-07
  4 -0.02454  9.56040e-07 |  5  0.03052  7.12945e-07 |  6  0.00178  3.32880e-07
  7 -0.04306  3.11985e-07 |  8 -0.01998 -1.53521e-08 |  9 -0.01091  4.54061e-07
 10  0.04778  4.41492e-07 | 11  0.02134 -2.53561e-07 | 12  0.04507 -4.93994e-07
 13  0.00460 -1.77094e-07 | 14  0.00220  2.54706e-07 | 15  0.05410 -2.41299e-07
 16  0.00647 -7.38152e-07 | 17 -0.05973  4.79517e-07 | 18 -0.02210  3.03295e-06
 19 -0.03505  2.32158e-06 | 20  0.04854  1.12587e-06 | 21  0.05173  1.14162e-06
 22 -0.03414  9.70447e-07 | 23 -0.02324  3.86354e-07 | 24 -0.10276  4.47467e-07
 25 -0.01944 -1.96974e-06 | 26 -0.01954 -1.57663e-06 | 27 -0.02393 -2.53231e-06
 28  0.03739 -4.62937e-06 | 29 -0.01527  2.45591e-07 | 30  0.04630  1.79804e-06
 31 -0.02787  1.24313e-06 | 32  0.03169  8.33604e-08 | 33  0.01357 -2.29452e-07
 34  0.04591 -1.19757e-07 | 35  0.02000 -8.42838e-07 | 36 -0.01909 -2.68801e-06
 37 -0.01180 -3.71990e-06 | 38 -0.00518  2.76387e-06 | 39  0.01438  3.69369e-07
 40 -0.53804  1.32905e-05 | 41 -0.32969 -3.84546e-07 | 42 -0.52663 -3.69197e-06
 43 -0.63005  1.54799e-06 | 44  0.21242 -4.23851e-06 | 45  0.18919  7.88028e-07
 46  0.25465 -7.93903e-07 | 47  0.02773 -5.50456e-07 | 48 -0.36478 -1.56023e-05
 49 -0.01010 -3.71342e-07 | 50  6.03704  8.48473e-09 | 51 -0.70225  7.51650e-08
 52 -0.41487  4.48938e-06 | 53 -0.49073 -4.21919e-06 | 54 -0.28347 -3.52712e-07
 55 -0.25106 -1.00827e-06 | 56 -0.29204  1.55846e-05 | 57  0.00303  1.65649e-07
 58 -0.00000 -1.14379e-08 | 59 -0.69184  3.57177e-06 | 60 -0.61010 -3.71921e-06
 61 -0.72767  1.51052e-06 |
Estimating row 1 out of 61 for hessian
Estimating row 2 out of 61 for hessian
Estimating row 3 out of 61 for hessian
Estimating row 4 out of 61 for hessian
Estimating row 5 out of 61 for hessian
Estimating row 6 out of 61 for hessian
Estimating row 7 out of 61 for hessian
Estimating row 8 out of 61 for hessian
Estimating row 9 out of 61 for hessian
Estimating row 10 out of 61 for hessian
Estimating row 11 out of 61 for hessian
Estimating row 12 out of 61 for hessian
Estimating row 13 out of 61 for hessian
Estimating row 14 out of 61 for hessian
Estimating row 15 out of 61 for hessian
Estimating row 16 out of 61 for hessian
Estimating row 17 out of 61 for hessian
Estimating row 18 out of 61 for hessian
Estimating row 19 out of 61 for hessian
Estimating row 20 out of 61 for hessian
Estimating row 21 out of 61 for hessian
Estimating row 22 out of 61 for hessian
Estimating row 23 out of 61 for hessian
Estimating row 24 out of 61 for hessian
Estimating row 25 out of 61 for hessian
Estimating row 26 out of 61 for hessian
Estimating row 27 out of 61 for hessian
Estimating row 28 out of 61 for hessian
Estimating row 29 out of 61 for hessian
Estimating row 30 out of 61 for hessian
Estimating row 31 out of 61 for hessian
Estimating row 32 out of 61 for hessian
Estimating row 33 out of 61 for hessian
Estimating row 34 out of 61 for hessian
Estimating row 35 out of 61 for hessian
Estimating row 36 out of 61 for hessian
Estimating row 37 out of 61 for hessian
Estimating row 38 out of 61 for hessian
Estimating row 39 out of 61 for hessian
Estimating row 40 out of 61 for hessian
Estimating row 41 out of 61 for hessian
Estimating row 42 out of 61 for hessian
Estimating row 43 out of 61 for hessian
Estimating row 44 out of 61 for hessian
Estimating row 45 out of 61 for hessian
Estimating row 46 out of 61 for hessian
Estimating row 47 out of 61 for hessian
Estimating row 48 out of 61 for hessian
Estimating row 49 out of 61 for hessian
Estimating row 50 out of 61 for hessian
Estimating row 51 out of 61 for hessian
Estimating row 52 out of 61 for hessian
Estimating row 53 out of 61 for hessian
Estimating row 54 out of 61 for hessian
Estimating row 55 out of 61 for hessian
Estimating row 56 out of 61 for hessian
Estimating row 57 out of 61 for hessian
Estimating row 58 out of 61 for hessian
Estimating row 59 out of 61 for hessian
Estimating row 60 out of 61 for hessian
Estimating row 61 out of 61 for hessian
size of file gradfil1.tmp = 0
size of file gradfil2.tmp = 0
size of file varssave.tmp = 0
size of file cmpdiff.tmp = 0
