
Initial statistics: 7 variables; iteration 0; function evaluation 0; phase 1
Function value 2.1153061e+04; maximum gradient component mag 1.4213e+05
Var    Value     Gradient |Var    Value     Gradient |Var    Value     Gradient
  1  0.39650  1.42135e+05 |  2 -0.59033  5.78226e+03 |  3 -0.59033  4.68483e+03
  4 -0.59033  7.66110e+03 |  5 -0.59033  9.14896e+03 |  6  0.10660  8.04446e+03
  7  0.10660  4.93697e+03 |

Intermediate statistics: 7 variables; iteration 20; function evaluation 38; phase 1
Function value 7.2267809e+02; maximum gradient component mag -4.4591e+03
Var    Value     Gradient |Var    Value     Gradient |Var    Value     Gradient
  1  0.17067 -4.45912e+03 |  2 -0.66239 -2.55517e+02 |  3  2.39956 -9.60026e+01
  4 -1.21372 -1.48334e+02 |  5 -0.84469 -1.10882e+02 |  6  0.18495  4.79069e+02
  7 -0.02934 -3.89087e+02 |

 - final statistics:
7 variables; iteration 28; function evaluation 46
Function value 6.4941e+02; maximum gradient component mag -6.5842e+00
Exit code = 1;  converg criter 1.0000e+01
Var    Value     Gradient |Var    Value     Gradient |Var    Value     Gradient
  1  0.19614 -6.58420e+00 |  2 -0.72057  1.85449e-02 |  3  2.57119  2.90427e-01
  4 -1.16221 -8.42123e-01 |  5 -0.87824  2.95200e+00 |  6  0.10112 -1.91864e+00
  7 -0.04112  1.10560e+00 |

Initial statistics: 59 variables; iteration 0; function evaluation 0; phase 2
Function value 6.4940792e+02; maximum gradient component mag 8.3165e+02
Var    Value     Gradient |Var    Value     Gradient |Var    Value     Gradient
  1  0.19614 -6.58420e+00 |  2  0.00000  1.19613e+01 |  3  0.00000 -1.38121e+02
  4  0.00000  4.53564e+01 |  5  0.00000 -8.88248e+01 |  6  0.00000 -4.50914e+01
  7  0.00000  4.67712e+01 |  8  0.00000 -1.41831e-01 |  9  0.00000  8.43031e+00
 10  0.00000 -7.97038e+01 | 11  0.00000  5.84308e+00 | 12  0.00000 -5.82054e+01
 13  0.00000 -1.83352e+01 | 14  0.00000 -1.71502e+01 | 15  0.00000 -9.93889e+01
 16  0.00000 -3.92356e+00 | 17  0.00000  1.02084e+02 | 18  0.00000  4.64479e+00
 19  0.00000  5.34274e+01 | 20  0.00000 -1.73038e+02 | 21  0.00000 -2.07391e+02
 22  0.00000  6.96891e+01 | 23  0.00000 -2.02844e+01 | 24  0.00000  2.66573e+02
 25  0.00000  6.05322e+00 | 26  0.00000 -2.72544e+01 | 27  0.00000  3.90508e+01
 28  0.00000 -1.38398e+02 | 29  0.00000  7.75063e+01 | 30  0.00000 -1.53917e+02
 31  0.00000  1.42158e+02 | 32  0.00000 -1.76442e+01 | 33  0.00000  5.05422e+01
 34  0.00000 -1.65742e+02 | 35  0.00000  6.94756e+00 | 36  0.00000  8.49109e+01
 37  0.00000  5.58363e+01 | 38  0.00000  1.78071e+02 | 39  0.00000  2.70692e+01
 40 -0.72057  1.85449e-02 | 41 -0.57119 -2.90427e-01 | 42 -0.83779  8.42123e-01
 43 -0.87824  2.95200e+00 | 44  0.10112 -1.91864e+00 | 45  0.10660  8.31655e+02
 46  0.10660 -1.70434e+02 | 47 -0.04112  1.10560e+00 | 48 -1.00000 -1.08293e-07
 49  0.00000  9.39953e-06 | 50  0.00000  1.08460e-01 | 51 -0.53989  2.28471e+00
 52 -1.00000 -1.08293e-07 | 53 -0.53989  1.62732e+01 | 54 -1.00000 -1.08293e-07
 55 -0.53989  4.86119e+00 | 56 -0.32288 -5.45540e+00 | 57  0.21635 -1.66823e-01
 58 -0.69266 -5.99244e-03 | 59 -0.50650  2.63131e+02 |

Intermediate statistics: 59 variables; iteration 20; function evaluation 30; phase 2
Function value 5.3747026e+02; maximum gradient component mag -9.8554e+03
Var    Value     Gradient |Var    Value     Gradient |Var    Value     Gradient
  1  0.22937 -9.85538e+03 |  2 -0.01532 -1.36431e+01 |  3  0.22153  1.61783e+02
  4  0.05245 -3.06161e+01 |  5  0.11450  6.29306e+01 |  6  0.06131  6.68836e+01
  7 -0.05845 -4.77824e+01 |  8 -0.04373 -2.03126e+01 |  9 -0.00614  1.52373e+01
 10  0.08211  8.55969e+01 | 11  0.01388  1.38657e+01 | 12  0.03455  4.02885e+01
 13 -0.00008  2.16774e+00 | 14  0.02202  3.50432e+01 | 15  0.05675  6.48479e+01
 16 -0.02353 -1.35982e+01 | 17 -0.07078 -8.66892e+00 | 18 -0.00483  4.83905e+01
 19 -0.01959  7.50176e+00 | 20  0.06565  5.66390e+01 | 21  0.04133 -5.25901e+01
 22  0.03713  1.58817e+02 | 23 -0.05180 -1.22883e+02 | 24 -0.02797  2.12304e+02
 25  0.02937  5.64546e+01 | 26 -0.00195  9.17558e+00 | 27 -0.03838 -7.95379e+00
 28  0.01301 -7.64648e+01 | 29  0.03148  1.81257e+02 | 30 -0.00724 -1.72145e+02
 31  0.03075  2.87225e+02 | 32  0.01585  4.23618e+01 | 33 -0.00308  5.35790e+01
 34 -0.01344 -2.02114e+02 | 35 -0.00170  3.15637e+01 | 36 -0.01697  5.85277e+01
 37 -0.00859  5.37129e+01 | 38 -0.03098  1.18912e+02 | 39 -0.08174 -9.93749e+01
 40 -0.82231 -8.49498e+02 | 41 -0.72993 -4.60549e+02 | 42 -0.89513 -4.37326e+03
 43 -0.93071 -4.98149e+03 | 44 -0.00203 -2.28890e+02 | 45  0.03984  8.19255e+02
 46  0.01244 -2.76200e+02 | 47 -0.11066 -1.27004e+02 | 48 -1.27894 -1.63462e-03
 49 -0.00001  3.98471e-03 | 50 -0.00138  3.50743e-01 | 51 -0.57086  8.00445e+00
 52 -1.20168  7.62175e+02 | 53 -0.73717  5.81382e+02 | 54 -1.17025 -7.66476e+01
 55 -0.45229  1.11375e+01 | 56 -0.41892  1.10881e+01 | 57  0.22937  1.19015e+00
 58 -0.69256 -5.99017e-03 | 59 -0.63217 -9.57304e+01 |
59 variables; iteration 40; function evaluation 54; phase 2
Function value 4.7720603e+02; maximum gradient component mag -1.1241e+04
Var    Value     Gradient |Var    Value     Gradient |Var    Value     Gradient
  1  0.23294 -1.12412e+04 |  2 -0.08883 -5.72890e+01 |  3  0.20412  1.51723e+02
  4  0.06396 -1.04062e+01 |  5  0.14097  9.37466e+01 |  6  0.08264  7.95306e+01
  7 -0.03872 -3.04609e+01 |  8 -0.03671 -2.05684e+01 |  9 -0.00767 -8.47781e+00
 10  0.12281  1.32878e+02 | 11  0.05062  5.00684e+01 | 12  0.04728  4.87735e+01
 13 -0.00374 -1.13545e+01 | 14  0.02636  4.75320e+01 | 15  0.03932  2.29043e+01
 16 -0.02630 -1.19221e+01 | 17 -0.08246 -3.47037e+01 | 18 -0.00347  3.71416e+01
 19 -0.02183  9.51957e+00 | 20  0.07119  3.78956e+01 | 21  0.05648 -2.95663e+01
 22  0.02014  1.04887e+02 | 23 -0.03138 -7.45552e+01 | 24 -0.06448  8.70391e+01
 25  0.02506  9.28889e+01 | 26 -0.02809 -4.71120e+01 | 27 -0.03553 -2.05946e+01
 28  0.03208 -7.63900e+00 | 29  0.00382  7.04934e+01 | 30  0.00791 -1.25526e+02
 31  0.00409  1.53605e+02 | 32  0.00584 -5.54300e+00 | 33 -0.01074  1.05942e+01
 34  0.01187 -1.09868e+02 | 35  0.00061  2.59293e+01 | 36 -0.03956 -7.81758e+00
 37 -0.01606  4.76657e+01 | 38 -0.05062  4.54267e+01 | 39 -0.09854 -1.34916e+02
 40 -0.82946 -9.44052e+02 | 41 -0.72859 -2.75583e+02 | 42 -0.89822 -5.12402e+03
 43 -0.93297 -5.65901e+03 | 44 -0.01067 -3.73924e+02 | 45 -0.00290  3.16885e+02
 46  0.03140 -1.05725e+02 | 47 -0.11670 -1.85385e+02 | 48 -1.38862 -1.41345e-01
 49 -0.00504  4.07649e-02 | 50  0.00595  3.02735e-01 | 51 -0.56318  6.76474e+00
 52 -1.15469  1.76933e+02 | 53 -0.82801  1.58924e+02 | 54 -1.19611 -1.74807e+02
 55 -0.53191 -5.45019e+01 | 56 -0.40757  3.32627e+01 | 57  0.34070  2.76930e+00
 58 -0.68869 -5.90274e-03 | 59 -0.62700 -9.11187e+01 |
59 variables; iteration 60; function evaluation 82; phase 2
Function value 3.8113648e+02; maximum gradient component mag -1.0641e+04
Var    Value     Gradient |Var    Value     Gradient |Var    Value     Gradient
  1  0.24677 -1.06406e+04 |  2  0.02210  9.87608e+00 |  3  0.23334  1.92001e+02
  4  0.06347 -8.01081e+00 |  5  0.08843  8.94224e+00 |  6  0.07075  1.23599e+02
  7 -0.09016 -9.49149e+01 |  8 -0.05862 -3.07374e+01 |  9 -0.00016  3.24991e+01
 10  0.07708  8.00064e+01 | 11  0.02072  3.78574e+01 | 12  0.01935  8.02902e+00
 13  0.00726  1.09575e+01 | 14  0.02473  3.35363e+01 | 15  0.05235  3.57155e+01
 16 -0.02597 -2.71132e+01 | 17 -0.09583 -7.46125e+01 | 18  0.00384  1.07047e+01
 19 -0.03299 -3.61499e+01 | 20  0.09911  3.45307e+01 | 21  0.08496 -7.08932e+00
 22 -0.00594  4.90381e+00 | 23 -0.02239 -1.01372e+02 | 24 -0.09023 -2.52026e+01
 25  0.02971  1.03211e+02 | 26 -0.00590 -1.93363e+01 | 27 -0.04084 -1.02020e+02
 28  0.04500 -1.80903e+01 | 29 -0.00715 -1.42152e+01 | 30  0.04658 -4.38851e+01
 31 -0.02417 -3.87303e+01 | 32  0.01561 -4.01634e+01 | 33 -0.01332 -6.13169e+01
 34  0.04598 -3.72153e+01 | 35  0.01680  5.79344e+00 | 36 -0.01260  4.12183e+01
 37 -0.02896 -2.20992e+01 | 38 -0.07126 -7.40734e+01 | 39 -0.04333 -5.16005e+01
 40 -0.84749 -9.92800e+02 | 41 -0.75032 -1.14088e+02 | 42 -0.89893 -4.27569e+03
 43 -0.93417 -4.20361e+03 | 44 -0.05543 -7.26673e+02 | 45 -0.09331 -4.49289e+02
 46  0.02010  2.58988e+01 | 47 -0.14992 -1.59231e+02 | 48 -1.11587  1.66063e-02
 49  0.00783  5.90624e-04 | 50  0.38453  5.44481e-02 | 51 -0.63355  1.58959e+00
 52 -1.10883  2.80069e+02 | 53 -0.88227  2.58756e+02 | 54 -1.20961 -1.13610e+02
 55 -0.52379 -3.32008e+01 | 56 -0.31145  4.13613e+02 | 57 -0.81351  7.88165e+00
 58 -0.67016 -5.51002e-03 | 59 -0.64353 -1.77838e+02 |
Maximum number of function evaluations exceeded

 - final statistics:
59 variables; iteration 67; function evaluation 100
Function value 3.0245e+02; maximum gradient component mag -8.2593e+03
Exit code = 3;  converg criter 1.0000e+01
Var    Value     Gradient |Var    Value     Gradient |Var    Value     Gradient
  1  0.26264 -8.25931e+03 |  2  0.05196  3.33157e+01 |  3  0.20229  2.02228e+02
  4  0.00988 -6.49350e+01 |  5  0.06463  4.03588e+01 |  6 -0.01388 -3.31960e+01
  7 -0.07115 -1.28993e+01 |  8 -0.05416 -3.20655e+01 |  9  0.03244  9.53843e+01
 10  0.04982  4.77279e+01 | 11 -0.03153 -3.73268e+01 | 12  0.02388  3.72493e+01
 13  0.02276  4.70256e+01 | 14  0.00211 -1.49088e+01 | 15  0.05762  4.90790e+01
 16 -0.04352 -7.05072e+01 | 17 -0.08163 -5.49574e+01 | 18 -0.00100 -2.92982e+01
 19 -0.01024  9.74767e+00 | 20  0.10336  6.05285e+00 | 21  0.09923 -8.90716e-01
 22  0.00854  1.61182e+01 | 23  0.02476  1.41059e+00 | 24 -0.11078 -9.30638e+01
 25 -0.00322  2.28717e+01 | 26  0.01951  2.86268e+01 | 27 -0.01383 -6.66642e+01
 28  0.05546 -9.60694e+00 | 29  0.00430  3.98239e+00 | 30  0.07407  3.76005e+01
 31 -0.04208 -1.26936e+02 | 32  0.01169 -7.92684e+01 | 33 -0.01856 -9.52838e+01
 34  0.05757 -1.05247e+01 | 35 -0.00004 -5.99826e+01 | 36 -0.04013 -3.44866e+01
 37 -0.02422 -1.14790e+01 | 38 -0.06509 -7.17067e+01 | 39 -0.03848 -5.50872e+01
 40 -0.86263 -8.11671e+02 | 41 -0.77777 -1.22457e+01 | 42 -0.89592 -2.84558e+03
 43 -0.93571 -2.85108e+03 | 44 -0.10191 -8.22811e+02 | 45 -0.15260 -7.08502e+02
 46 -0.00684  7.38393e+01 | 47 -0.17367 -9.49588e+01 | 48 -0.60147  1.73234e-01
 49  0.00875  4.67507e-02 | 50  0.67071  5.50495e-03 | 51 -0.94827 -3.80114e-02
 52 -1.01601 -5.16458e+03 | 53 -0.98410 -5.20178e+03 | 54 -1.26210 -9.16986e+01
 55 -0.49254 -2.66900e+01 | 56 -0.32987  1.93638e+02 | 57 -0.66931  9.23784e+00
 58 -0.63811 -4.91755e-03 | 59 -0.64007 -1.79181e+02 |

Initial statistics: 59 variables; iteration 0; function evaluation 0; phase 3
Function value 3.0230348e+02; maximum gradient component mag -8.2593e+03
Var    Value     Gradient |Var    Value     Gradient |Var    Value     Gradient
  1  0.26264 -8.25931e+03 |  2  0.05196  3.33157e+01 |  3  0.20229  2.02228e+02
  4  0.00988 -6.49350e+01 |  5  0.06463  4.03588e+01 |  6 -0.01340 -1.55631e+01
  7 -0.07066  4.62839e+00 |  8 -0.05367 -1.44929e+01 |  9  0.03293  1.12994e+02
 10  0.05031  6.53074e+01 | 11 -0.03104 -1.97118e+01 | 12  0.02436  5.48727e+01
 13  0.02324  6.46499e+01 | 14  0.00260  2.72852e+00 | 15  0.05811  6.66395e+01
 16 -0.04303 -5.29138e+01 | 17 -0.08114 -3.74685e+01 | 18 -0.00051 -1.16609e+01
 19 -0.00975  2.73831e+01 | 20  0.10385  2.34553e+01 | 21  0.09972  1.65308e+01
 22  0.00903  3.37537e+01 | 23  0.02525  1.90341e+01 | 24 -0.11029 -7.57031e+01
 25 -0.00274  4.05090e+01 | 26  0.01999  4.62548e+01 | 27 -0.01335 -4.90317e+01
 28  0.05595  7.96301e+00 | 29  0.00479  2.16192e+01 | 30  0.07456  5.51137e+01
 31 -0.04160 -1.09343e+02 | 32  0.01217 -6.16331e+01 | 33 -0.01807 -7.76556e+01
 34  0.05806  7.04013e+00 | 35  0.00045 -4.23452e+01 | 36 -0.03964 -1.68851e+01
 37 -0.02373  6.14581e+00 | 38 -0.06460 -5.41657e+01 | 39 -0.03800 -3.74838e+01
 40 -0.86263 -8.11671e+02 | 41 -0.77777 -1.22457e+01 | 42 -0.89592 -2.84558e+03
 43 -0.93571 -2.85108e+03 | 44 -0.10191 -8.22811e+02 | 45 -0.15260 -7.08502e+02
 46 -0.00684  7.38393e+01 | 47 -0.17367 -9.49588e+01 | 48 -0.60147  1.73234e-01
 49  0.00875  4.67507e-02 | 50  0.67071  5.50495e-03 | 51 -0.94827 -3.80114e-02
 52 -0.98399  5.16458e+03 | 53 -0.98410 -5.20178e+03 | 54 -0.73790  9.16986e+01
 55 -0.49254 -2.66900e+01 | 56 -0.32987  1.93638e+02 | 57 -0.66931  9.23784e+00
 58 -0.63811 -4.91755e-03 | 59 -0.64007 -1.79181e+02 |

Intermediate statistics: 59 variables; iteration 20; function evaluation 28; phase 3
Function value 1.9524059e+02; maximum gradient component mag -5.3530e+03
Var    Value     Gradient |Var    Value     Gradient |Var    Value     Gradient
  1  0.26359 -5.35298e+03 |  2 -0.02553  9.99315e-01 |  3  0.02854  5.97106e+00
  4 -0.01763  4.27502e+00 |  5  0.03400 -4.24053e+00 |  6  0.01373  2.22185e+01
  7 -0.03413  2.70257e+01 |  8 -0.01602  2.91051e+01 |  9 -0.00126  3.20553e+01
 10  0.03811  3.06391e+01 | 11 -0.00261  2.93500e+01 | 12  0.01075  1.95607e+01
 13 -0.00127  1.50784e+01 | 14  0.01038  2.68247e+01 | 15  0.02821 -2.76991e+00
 16 -0.01690  4.18722e+00 | 17 -0.05319  7.75836e+00 | 18  0.00008 -4.15299e+00
 19 -0.02152 -3.50654e+00 | 20  0.07416 -2.01335e+01 | 21  0.07545 -2.27185e+01
 22 -0.01211 -5.33034e+00 | 23  0.00551 -1.48822e+01 | 24 -0.08043  4.67220e+00
 25 -0.00882  1.42874e+01 | 26  0.00629  1.87260e+01 | 27 -0.01022 -1.87416e+01
 28  0.03545 -3.27764e+01 | 29 -0.01441 -1.58344e+01 | 30  0.04994 -1.75605e+01
 31 -0.02951 -5.61574e+01 | 32  0.01584 -2.42223e+01 | 33 -0.00827 -3.52287e+01
 34  0.04208 -4.15409e+01 | 35  0.00075 -2.77657e+01 | 36 -0.03558 -1.04290e+01
 37 -0.02972 -2.85973e+01 | 38 -0.04841 -1.53855e+01 | 39  0.01494  1.48444e+01
 40 -0.86695 -1.07413e+03 | 41 -0.78695 -2.42554e+02 | 42 -0.87086 -3.13360e+02
 43 -0.92856 -1.51628e+03 | 44 -0.08597 -5.95493e+02 | 45 -0.12351 -3.83480e+02
 46 -0.02569 -1.01484e+02 | 47 -0.18369 -1.46989e+02 | 48 -0.60265  1.82954e-01
 49  0.00840  4.96241e-02 | 50  0.67055  5.50173e-03 | 51 -0.94716 -3.72286e-02
 52 -0.93701  8.91904e+02 | 53 -0.93924 -9.24735e+02 | 54 -0.66592  7.51877e+01
 55 -0.44748 -2.19042e+01 | 56 -0.33028  1.38550e+02 | 57 -0.66917  6.66705e+00
 58 -0.63797 -4.91508e-03 | 59 -0.59513 -2.32686e+01 |
59 variables; iteration 40; function evaluation 56; phase 3
Function value 1.6618940e+02; maximum gradient component mag -1.0181e+03
Var    Value     Gradient |Var    Value     Gradient |Var    Value     Gradient
  1  0.26921 -1.01805e+03 |  2 -0.03126 -1.84463e+00 |  3  0.01983 -3.19674e+00
  4 -0.01790  5.62749e+00 |  5  0.03952  2.04705e+00 |  6  0.02089  3.41078e+00
  7 -0.03143 -3.65736e+00 |  8 -0.00675  1.15765e+01 |  9  0.01055  2.63473e+01
 10  0.02525 -2.21312e+01 | 11 -0.00403  8.46830e+00 | 12  0.01036  5.00238e+00
 13 -0.00981 -8.71330e+00 | 14  0.00120 -4.79077e+00 | 15  0.03017  3.70920e-01
 16 -0.00964  1.19479e+01 | 17 -0.04280  1.57262e+01 | 18  0.00335  1.80930e+00
 19 -0.01664  1.23380e+01 | 20  0.07571  2.73259e+00 | 21  0.07923  9.07542e+00
 22 -0.01655 -1.21358e+01 | 23  0.00247 -1.83156e+00 | 24 -0.08364  6.11444e-01
 25 -0.01200  1.07788e-01 | 26  0.00103 -3.67953e+00 | 27 -0.00979 -3.02929e-01
 28  0.03286 -9.87440e+00 | 29 -0.01214  6.43028e+00 | 30  0.04362 -2.02843e+00
 31 -0.02711 -1.51703e+01 | 32  0.01568 -5.16893e+00 | 33 -0.00227  1.18488e+01
 34  0.03379 -3.06290e+01 | 35  0.00139  3.78757e-01 | 36 -0.04048 -1.39059e+01
 37 -0.03284 -1.42207e+01 | 38 -0.04696  1.02615e+00 | 39  0.01688  9.41953e-01
 40 -0.86085 -1.95636e+02 | 41 -0.78933 -3.37092e+01 | 42 -0.87483 -1.57262e+02
 43 -0.92673 -3.87663e+02 | 44 -0.07289 -9.26983e+01 | 45 -0.10892 -5.18769e+01
 46 -0.02239 -1.41452e+01 | 47 -0.17994 -2.30668e+01 | 48 -0.60122  6.77728e-02
 49  0.00490  1.90260e-02 | 50  0.66293  5.35336e-03 | 51 -0.90589 -2.10049e-02
 52 -0.94071  9.28673e+02 | 53 -0.94288 -9.64071e+02 | 54 -0.65661  2.22094e+01
 55 -0.45089 -8.58729e+00 | 56 -0.33010  2.11519e+01 | 57 -0.69256  9.64684e-01
 58 -0.63115 -4.80101e-03 | 59 -0.59023 -2.91104e+00 |
59 variables; iteration 60; function evaluation 88; phase 3
Function value 1.6380034e+02; maximum gradient component mag -4.4570e+02
Var    Value     Gradient |Var    Value     Gradient |Var    Value     Gradient
  1  0.26283 -1.46648e+02 |  2 -0.02819  4.72103e-02 |  3  0.02212 -3.17706e-02
  4 -0.01924  3.72496e+00 |  5  0.03553 -4.55553e+00 |  6  0.02101 -4.02709e-01
  7 -0.02714  2.05867e+00 |  8 -0.01252 -5.41475e-01 |  9  0.00058  3.05079e+00
 10  0.03559 -5.27901e+00 | 11 -0.00235  8.74596e-01 | 12  0.01197  1.18349e-01
 13 -0.00214  1.37361e+00 | 14  0.00653 -2.69811e+00 | 15  0.03220  4.83093e+00
 16 -0.01526  8.57774e-01 | 17 -0.05157 -2.69539e-01 | 18  0.00195  3.88758e+00
 19 -0.02246 -2.25915e-01 | 20  0.07243  1.44916e-01 | 21  0.07429 -1.56751e+00
 22 -0.01250 -1.52254e-01 | 23  0.00164 -1.10946e+00 | 24 -0.08427 -1.02324e+00
 25 -0.00986  1.52237e+00 | 26  0.00323 -1.73384e+00 | 27 -0.01101 -1.65538e+00
 28  0.03375 -8.65405e-01 | 29 -0.01525 -9.07262e-01 | 30  0.04234  3.90024e-02
 31 -0.02523 -1.59408e+00 | 32  0.01449 -3.57009e+00 | 33 -0.00687  1.92285e+00
 34  0.03948 -7.16685e-01 | 35  0.00168  9.92012e-01 | 36 -0.03628 -5.12244e-01
 37 -0.02953  5.16062e-01 | 38 -0.04689  1.78292e+00 | 39  0.01799  2.67989e-01
 40 -0.85038 -4.64164e+01 | 41 -0.77582 -9.11077e+00 | 42 -0.86609 -4.25108e+01
 43 -0.92078 -1.16930e+02 | 44 -0.05624 -2.02946e+00 | 45 -0.09217 -3.95598e-02
 46 -0.00841  2.20066e+00 | 47 -0.16576  1.53738e+00 | 48 -0.63597  1.15300e-02
 49 -0.01395  5.15629e-03 | 50  0.64174  4.97049e-03 | 51 -0.84238 -1.24109e-02
 52 -0.91518  4.30608e+02 | 53 -0.91803 -4.45698e+02 | 54 -0.64595  5.27721e+00
 55 -0.43973 -2.19796e+00 | 56 -0.33005  1.21918e+00 | 57 -0.69531  4.96014e-02
 58 -0.61206 -4.50068e-03 | 59 -0.59107 -1.55266e+00 |
Maximum number of function evaluations exceeded

 - final statistics:
59 variables; iteration 73; function evaluation 100
Function value 1.5923e+02; maximum gradient component mag 1.0901e+02
Exit code = 3;  converg criter 1.0000e+00
Var    Value     Gradient |Var    Value     Gradient |Var    Value     Gradient
  1  0.20853  2.08903e+00 |  2 -0.02550 -7.99848e-02 |  3  0.02430 -4.23994e-01
  4 -0.02034 -4.21481e-01 |  5  0.03824  1.16623e+00 |  6  0.01928  2.00070e-01
  7 -0.02976 -4.58095e-01 |  8 -0.01265  2.01559e-01 |  9 -0.00235 -1.59462e+00
 10  0.04272  1.65145e+00 | 11  0.00478 -2.42729e-01 | 12  0.02034 -8.06932e-02
 13 -0.00096 -4.71409e-01 | 14  0.00690  7.47416e-01 | 15  0.03500 -1.08991e+00
 16 -0.01196 -5.63395e-03 | 17 -0.05340  2.11131e-02 | 18 -0.00258 -8.45726e-01
 19 -0.02525 -1.71970e-01 | 20  0.07069 -2.21173e-01 | 21  0.07315  2.45506e-01
 22 -0.01518 -1.77391e-01 | 23  0.00086  3.45723e-01 | 24 -0.08471  6.13004e-01
 25 -0.01240 -2.01371e-01 | 26  0.00053  7.46146e-01 | 27 -0.01053  6.66124e-01
 28  0.03660  1.12655e-01 | 29 -0.01425 -1.17584e-01 | 30  0.04141 -1.69728e-01
 31 -0.02648  7.01353e-01 | 32  0.01562  1.03042e+00 | 33 -0.00646 -5.13101e-01
 34  0.04027  3.74128e-01 | 35  0.00063 -1.45738e-01 | 36 -0.03563  1.55789e-01
 37 -0.02627  8.29191e-02 | 38 -0.04881 -4.54640e-01 | 39  0.01089 -6.42214e-02
 40 -0.75206  2.58042e+00 | 41 -0.62367  4.30968e+00 | 42 -0.77522 -2.40022e+01
 43 -0.85680 -2.21059e+01 | 44  0.05587 -1.48043e+00 | 45  0.01605  2.95410e+00
 46  0.10526 -1.29800e+00 | 47 -0.06174 -6.29277e-01 | 48 -0.70670 -6.17391e-03
 49 -0.21573 -1.03282e-03 | 50  0.20243  1.03690e-03 | 51 -1.16353  1.19442e-02
 52 -0.58312 -1.00312e+02 | 53 -0.59491  1.09014e+02 | 54 -0.54303 -4.69181e-01
 55 -0.35072  9.54433e-02 | 56 -0.35131 -9.80741e-01 | 57 -0.09599 -7.21775e-02
 58 -0.23970 -1.24233e-03 | 59 -0.59348  8.48822e-01 |

Initial statistics: 61 variables; iteration 0; function evaluation 0; phase 4
Function value 1.5922979e+02; maximum gradient component mag 1.0901e+02
Var    Value     Gradient |Var    Value     Gradient |Var    Value     Gradient
  1  0.20853  2.08903e+00 |  2 -0.02550 -7.99848e-02 |  3  0.02430 -4.23994e-01
  4 -0.02034 -4.21481e-01 |  5  0.03824  1.16623e+00 |  6  0.01927  1.74275e-01
  7 -0.02976 -4.83872e-01 |  8 -0.01265  1.75758e-01 |  9 -0.00235 -1.62042e+00
 10  0.04272  1.62570e+00 | 11  0.00478 -2.68534e-01 | 12  0.02034 -1.06486e-01
 13 -0.00097 -4.97215e-01 | 14  0.00690  7.21612e-01 | 15  0.03500 -1.11567e+00
 16 -0.01196 -3.14353e-02 | 17 -0.05340 -4.60216e-03 | 18 -0.00258 -8.71532e-01
 19 -0.02525 -1.97756e-01 | 20  0.07069 -2.46820e-01 | 21  0.07315  2.19870e-01
 22 -0.01518 -2.03190e-01 | 23  0.00086  3.19918e-01 | 24 -0.08471  5.87426e-01
 25 -0.01241 -2.27172e-01 | 26  0.00053  7.20340e-01 | 27 -0.01053  6.40322e-01
 28  0.03660  8.68921e-02 | 29 -0.01425 -1.43383e-01 | 30  0.04141 -1.95479e-01
 31 -0.02648  6.75569e-01 | 32  0.01562  1.00462e+00 | 33 -0.00646 -5.38906e-01
 34  0.04027  3.48373e-01 | 35  0.00063 -1.71544e-01 | 36 -0.03563  1.30023e-01
 37 -0.02627  5.71352e-02 | 38 -0.04881 -4.80370e-01 | 39  0.01089 -9.00235e-02
 40 -0.75206  2.58042e+00 | 41 -0.62367  4.30968e+00 | 42 -0.77522 -2.40022e+01
 43 -0.85680 -2.21059e+01 | 44  0.05587 -1.48043e+00 | 45  0.01605  2.95410e+00
 46  0.10526 -1.29800e+00 | 47 -0.06174 -6.29277e-01 | 48 -0.70670 -6.17391e-03
 49 -0.21573 -1.03282e-03 | 50  0.20243  1.03690e-03 | 51 -0.83647 -1.19442e-02
 52 -0.58312 -1.00312e+02 | 53 -0.59491  1.09014e+02 | 54 -0.54303 -4.69181e-01
 55 -0.35072  9.54433e-02 | 56 -0.35131 -9.80741e-01 | 57 -0.09599 -7.21775e-02
 58 -0.23970 -1.24233e-03 | 59 -0.59348  8.48822e-01 | 60 -0.50650  1.06184e+01
 61 -1.00000 -1.23764e-07 |

Intermediate statistics: 61 variables; iteration 20; function evaluation 36; phase 4
Function value 1.4818053e+02; maximum gradient component mag -3.6151e+03
Var    Value     Gradient |Var    Value     Gradient |Var    Value     Gradient
  1  0.17548 -3.61513e+03 |  2 -0.01969 -2.23515e+00 |  3  0.05565  3.99958e+01
  4 -0.00973 -3.79160e+00 |  5  0.04939  1.51689e+01 |  6  0.01813  3.14376e+01
  7 -0.03525  2.79239e+01 |  8 -0.01716  3.28004e+01 |  9 -0.01879 -6.14064e-01
 10  0.07069  6.55732e+01 | 11  0.04115  6.19117e+01 | 12  0.05358  5.78704e+01
 13  0.01694  4.53984e+01 | 14  0.02337  4.98340e+01 | 15  0.05121  3.33797e+01
 16  0.00641  4.57782e+01 | 17 -0.04686  4.21272e+01 | 18 -0.00971  1.09489e+01
 19 -0.03875 -1.15485e+01 | 20  0.06251  2.83004e+00 | 21  0.06554  4.63941e+00
 22 -0.02685  8.77048e+00 | 23 -0.00110  2.65548e+01 | 24 -0.08649  2.37606e+01
 25 -0.00307  6.01227e+01 | 26  0.00552  4.73258e+01 | 27 -0.01342  5.02202e+00
 28  0.03561 -1.35104e+01 | 29 -0.01908 -5.66147e+00 | 30  0.04291 -2.47111e+01
 31 -0.03782 -5.33894e+01 | 32  0.00871 -5.80563e+01 | 33 -0.00714 -4.01692e+01
 34  0.04101 -3.24828e+01 | 35 -0.00265 -3.57092e+01 | 36 -0.04004 -3.37393e+01
 37 -0.02702 -6.82811e+01 | 38 -0.05972 -9.62880e+01 | 39 -0.04768 -4.17841e+01
 40 -0.66281 -4.17686e+01 | 41 -0.48121 -3.02126e+01 | 42 -0.69155 -1.50127e+02
 43 -0.79180 -3.63067e+02 | 44  0.13969 -2.22503e+02 | 45  0.09007 -3.27261e+02
 46  0.18435 -6.87471e+01 | 47 -0.00279 -1.37123e+02 | 48 -0.70641 -6.23696e-03
 49 -0.21568 -1.06799e-03 | 50  0.20238  1.03663e-03 | 51 -0.83591 -1.19018e-02
 52 -0.62857 -8.09650e+01 | 53 -0.64623  8.70647e+01 | 54 -0.46973  1.34360e+02
 55 -0.33309 -7.07833e+01 | 56 -0.30820  1.74455e+02 | 57 -0.09038  4.71509e+00
 58 -0.23964 -1.24200e-03 | 59 -0.70823  1.34427e+02 | 60 -0.65223 -3.54474e+01
 61 -1.17572  1.54261e+02 |
61 variables; iteration 40; function evaluation 59; phase 4
Function value 1.4276558e+02; maximum gradient component mag -2.8346e+03
Var    Value     Gradient |Var    Value     Gradient |Var    Value     Gradient
  1  0.17561 -2.83460e+03 |  2 -0.01845 -2.73420e+00 |  3  0.06897  6.34917e+01
  4 -0.00066  1.17481e+01 |  5  0.04192  1.04137e+00 |  6  0.01064  1.56679e+01
  7 -0.03550  2.79533e+01 |  8 -0.01794  2.29046e+01 |  9 -0.00926  7.74058e+00
 10  0.07560  5.84957e+01 | 11  0.05128  7.25653e+01 | 12  0.05781  6.59152e+01
 13  0.00922  3.66475e+01 | 14  0.00942  2.73258e+01 | 15  0.04891  3.28642e+01
 16  0.00401  4.73043e+01 | 17 -0.05656  2.95490e+01 | 18 -0.01375  9.12435e+00
 19 -0.03582  4.92576e+00 | 20  0.06018  2.20811e+00 | 21  0.06132 -3.09937e+00
 22 -0.02511  2.17280e+01 | 23 -0.00640  1.91685e+01 | 24 -0.08801  2.58492e+01
 25  0.00369  8.65072e+01 | 26  0.00485  4.60333e+01 | 27 -0.01752 -2.73625e+00
 28  0.03499 -1.33088e+00 | 29 -0.01818  2.49018e+00 | 30  0.04823 -6.42792e+00
 31 -0.04267 -8.15803e+01 | 32  0.01610 -4.91314e+01 | 33 -0.00175 -3.92894e+01
 34  0.04257 -2.37828e+01 | 35 -0.00387 -4.98834e+01 | 36 -0.03681 -2.05409e+01
 37 -0.02685 -4.49122e+01 | 38 -0.05324 -8.64714e+01 | 39 -0.04406 -5.61651e+01
 40 -0.66433 -6.05944e+01 | 41 -0.46974  1.61754e+01 | 42 -0.69177 -2.25927e+02
 43 -0.78682 -2.06207e+02 | 44  0.15401 -1.07636e+02 | 45  0.09664 -3.64830e+02
 46  0.18679 -4.51652e+01 | 47 -0.01060 -1.90167e+02 | 48 -0.69095 -5.72859e-03
 49 -0.21306 -9.90695e-04 | 50  0.19980  1.02250e-03 | 51 -0.80627 -9.99443e-03
 52 -0.80105  7.09508e+02 | 53 -0.81863 -7.79373e+02 | 54 -0.47529  1.04300e+02
 55 -0.34472 -7.62704e+01 | 56 -0.30629  7.88319e+01 | 57  0.49301  9.22567e-01
 58 -0.23655 -1.22438e-03 | 59 -0.71055  1.29037e+02 | 60 -0.66025 -7.36943e+01
 61 -1.20888  5.86371e+01 |
61 variables; iteration 60; function evaluation 93; phase 4
Function value 1.2759255e+02; maximum gradient component mag -1.6440e+03
Var    Value     Gradient |Var    Value     Gradient |Var    Value     Gradient
  1  0.17200 -1.64401e+03 |  2  0.00041  1.23819e+01 |  3  0.05555  3.35749e+01
  4  0.00529  3.42001e+01 |  5  0.03026 -1.10281e+01 |  6 -0.01119 -2.86112e+01
  7 -0.04295  6.87120e+00 |  8 -0.00816  1.83786e+01 |  9  0.01452  3.25402e+01
 10  0.06638  2.38567e+01 | 11  0.04357  4.86070e+01 | 12  0.05496  5.31483e+01
 13  0.00058  1.44205e+01 | 14 -0.00633 -7.77661e+00 | 15  0.05438  4.22959e+01
 16 -0.00871 -1.72656e+00 | 17 -0.06444  5.00626e+00 | 18 -0.02297 -1.33391e+01
 19 -0.03460  3.32966e+00 | 20  0.06119  2.15865e+01 | 21  0.05388 -1.57567e+01
 22 -0.01805  3.95388e+01 | 23 -0.01293  1.02810e+01 | 24 -0.08495  3.75927e+01
 25 -0.00212  5.19669e+01 | 26  0.00779  5.42966e+01 | 27 -0.02707 -2.24952e+01
 28  0.03551  6.53557e+00 | 29 -0.01731  2.15978e+00 | 30  0.04565 -9.94053e+00
 31 -0.03341 -4.11085e+01 | 32  0.02721 -8.85418e+00 | 33 -0.00751 -6.36743e+01
 34  0.04783  6.91421e+00 | 35  0.00977 -5.68502e+00 | 36 -0.04008 -4.16817e+01
 37 -0.01985 -5.13934e+00 | 38 -0.03697 -5.18876e+01 | 39 -0.02004 -3.43127e+01
 40 -0.65218 -7.38463e+01 | 41 -0.44025  3.16211e+01 | 42 -0.66697 -1.43303e+02
 43 -0.76637 -1.54369e+02 | 44  0.17318  4.63553e+01 | 45  0.12393 -1.95872e+02
 46  0.19965 -1.96964e+01 | 47 -0.00365 -1.35716e+02 | 48 -0.65638 -4.53735e-03
 49 -0.20715 -7.85689e-04 | 50  0.19379  9.97807e-04 | 51 -0.74196 -7.00334e-03
 52 -0.51493 -3.77628e+00 | 53 -0.54793  3.91319e+01 | 54 -0.43508  6.66979e+01
 55 -0.30875 -3.80049e+01 | 56 -0.30394 -8.28637e+00 | 57  1.08979 -4.49970e-03
 58 -0.22936 -1.18371e-03 | 59 -0.71734  8.62097e+01 | 60 -0.65648 -3.60630e+01
 61 -1.22147  5.40054e+01 |
61 variables; iteration 80; function evaluation 126; phase 4
Function value 1.1208638e+02; maximum gradient component mag 4.0102e+01
Var    Value     Gradient |Var    Value     Gradient |Var    Value     Gradient
  1  0.15950  4.01022e+01 |  2 -0.02458 -8.82989e-01 |  3  0.02117 -5.58618e-01
  4 -0.02369 -1.51931e+00 |  5  0.03273 -2.36231e-02 |  6  0.00454 -3.80314e+00
  7 -0.03918  1.56323e+00 |  8 -0.01862 -2.89641e+00 |  9 -0.00845 -3.38874e-01
 10  0.04860 -1.49158e+00 | 11  0.02185  1.25566e+00 | 12  0.04289 -3.07344e+00
 13  0.00506  1.02999e+00 | 14  0.00224 -2.64789e+00 | 15  0.05212 -2.05017e+00
 16  0.00445 -8.34649e-01 | 17 -0.06055 -2.15698e+00 | 18 -0.02101  3.80655e+00
 19 -0.03516  1.09956e+00 | 20  0.04907 -4.21406e-01 | 21  0.05297  3.49833e-01
 22 -0.03406 -3.30116e+00 | 23 -0.02144  2.52357e+00 | 24 -0.10216  1.98697e+00
 25 -0.01991  3.90594e-02 | 26 -0.02007 -3.46307e+00 | 27 -0.02365  3.93226e+00
 28  0.03584  1.08161e+00 | 29 -0.01612  1.34174e+00 | 30  0.04659  1.50372e+00
 31 -0.02789 -4.43387e-02 | 32  0.03144 -8.50584e-02 | 33  0.01333  2.75461e+00
 34  0.04624  8.05219e-01 | 35  0.01947  6.42413e-01 | 36 -0.02144  7.93898e-01
 37 -0.01403  2.17640e+00 | 38 -0.00798 -4.19856e-01 | 39  0.01482  2.30749e-02
 40 -0.55766  5.26480e+00 | 41 -0.34482  1.48438e+01 | 42 -0.57770 -2.62603e+01
 43 -0.68116 -1.39039e+01 | 44  0.19886  2.98830e+01 | 45  0.18184  5.34081e+00
 46  0.24693  3.39033e+00 | 47  0.02375  1.06801e+00 | 48 -0.38774 -6.44969e+00
 49  1.35171  9.92527e-02 | 50  0.06980  3.46853e-04 | 51 -0.96360 -5.32712e-02
 52 -0.46656 -5.12531e+00 | 53 -0.52199  1.52006e+01 | 54 -0.35038  2.75021e+00
 55 -0.27906 -1.51256e+00 | 56 -0.31304 -2.03562e+01 | 57  0.88783 -4.97025e-02
 58 -0.11907 -5.94626e-04 | 59 -0.67994  5.51144e+00 | 60 -0.59647 -1.05618e+00
 61 -1.28056  4.74250e+00 |
61 variables; iteration 100; function evaluation 147; phase 4
Function value 1.1151551e+02; maximum gradient component mag -2.0331e+00
Var    Value     Gradient |Var    Value     Gradient |Var    Value     Gradient
  1  0.15718 -3.88606e-01 |  2 -0.02556  9.15546e-03 |  3  0.01979 -1.88451e-02
  4 -0.02443  4.16014e-02 |  5  0.03064 -3.54154e-02 |  6  0.00196  7.12406e-02
  7 -0.04297 -2.60796e-02 |  8 -0.01992  3.87424e-02 |  9 -0.01086  2.69161e-02
 10  0.04776  5.87360e-03 | 11  0.02126 -3.44224e-02 | 12  0.04499 -1.19723e-02
 13  0.00458 -1.22672e-01 | 14  0.00227  3.60356e-02 | 15  0.05408  6.67798e-02
 16  0.00638 -5.07291e-02 | 17 -0.05974 -3.72400e-02 | 18 -0.02211 -7.74899e-02
 19 -0.03506 -5.08690e-02 | 20  0.04860  4.02291e-02 | 21  0.05181  1.80834e-02
 22 -0.03403  6.00043e-02 | 23 -0.02316  4.78889e-03 | 24 -0.10275 -3.69720e-03
 25 -0.01941  2.03206e-01 | 26 -0.01945  1.13993e-01 | 27 -0.02396  5.69566e-04
 28  0.03734  1.55060e-02 | 29 -0.01533 -2.26582e-03 | 30  0.04631 -3.64339e-02
 31 -0.02787 -3.32182e-02 | 32  0.03167 -9.31250e-02 | 33  0.01352 -4.90697e-02
 34  0.04595 -2.94603e-02 | 35  0.01999 -4.73412e-02 | 36 -0.01922 -3.07440e-02
 37 -0.01191 -4.08950e-02 | 38 -0.00533 -1.30156e-01 | 39  0.01431  3.81456e-02
 40 -0.53872  1.11194e+00 | 41 -0.33054 -2.43308e-02 | 42 -0.52630  1.16412e+00
 43 -0.63481 -2.03308e+00 | 44  0.21155 -4.95837e-01 | 45  0.18887 -5.07022e-01
 46  0.25427  4.67372e-03 | 47  0.02760  2.92497e-01 | 48 -0.37836 -1.22432e+00
 49  1.40893  1.47501e-02 | 50 -0.04813 -2.01731e-04 | 51 -0.72352 -5.41534e-03
 52 -0.41391 -1.16301e+00 | 53 -0.48999  1.53131e+00 | 54 -0.28973  6.44157e-01
 55 -0.25366 -2.16627e-01 | 56 -0.29859 -7.74181e-02 | 57  0.77535  7.95924e-03
 58 -0.02844 -1.40451e-04 | 59 -0.65547 -1.17620e-01 | 60 -0.56342  1.20029e-01
 61 -1.30425 -1.98624e-01 |
61 variables; iteration 120; function evaluation 167; phase 4
Function value 1.1150813e+02; maximum gradient component mag 1.1940e+00
Var    Value     Gradient |Var    Value     Gradient |Var    Value     Gradient
  1  0.15712  2.86644e-01 |  2 -0.02556  5.47631e-02 |  3  0.01975 -4.46088e-02
  4 -0.02447  8.36315e-02 |  5  0.03054 -3.85084e-02 |  6  0.00180 -4.89921e-02
  7 -0.04305 -5.65549e-02 |  8 -0.01994  2.19526e-02 |  9 -0.01087  3.41236e-02
 10  0.04777 -2.05582e-02 | 11  0.02131 -3.11106e-02 | 12  0.04508  1.31231e-01
 13  0.00463  3.13558e-02 | 14  0.00224  2.18720e-03 | 15  0.05411  9.07878e-02
 16  0.00643 -4.54625e-02 | 17 -0.05972 -1.47083e-02 | 18 -0.02213 -1.10976e-01
 19 -0.03506 -1.53798e-02 | 20  0.04856  5.83174e-02 | 21  0.05175 -8.30004e-03
 22 -0.03409  3.87460e-02 | 23 -0.02322 -5.27762e-03 | 24 -0.10276  3.78095e-02
 25 -0.01942  5.26529e-02 | 26 -0.01949  9.76894e-02 | 27 -0.02397 -1.26491e-02
 28  0.03737  1.96977e-02 | 29 -0.01529 -3.29377e-02 | 30  0.04630 -4.16351e-02
 31 -0.02787  9.90539e-04 | 32  0.03169  2.77462e-02 | 33  0.01352 -1.35209e-01
 34  0.04593  2.88984e-02 | 35  0.02001  2.52227e-02 | 36 -0.01915 -4.89696e-02
 37 -0.01184  7.58037e-02 | 38 -0.00524 -5.97434e-02 | 39  0.01434 -1.89773e-02
 40 -0.53860  1.21405e-02 | 41 -0.33002  9.07577e-02 | 42 -0.52735 -5.86460e-02
 43 -0.63043 -4.36649e-03 | 44  0.21207 -1.44988e-01 | 45  0.18908  7.27197e-02
 46  0.25451  9.80501e-02 | 47  0.02766 -3.48183e-02 | 48 -0.37397 -3.87588e-01
 49  1.64122  6.40224e-03 | 50 -0.03990 -1.97732e-04 | 51 -0.78610 -8.98911e-03
 52 -0.41539 -7.87332e-01 | 53 -0.49094  1.19396e+00 | 54 -0.28366  1.68403e-02
 55 -0.25100  2.71279e-02 | 56 -0.29636 -6.60173e-02 | 57  0.46222  2.02361e-03
 58  0.00563  2.77703e-05 | 59 -0.68310 -7.87390e-01 | 60 -0.59875  6.09446e-01
 61 -1.28001 -2.74555e-02 |
61 variables; iteration 140; function evaluation 188; phase 4
Function value 1.1150663e+02; maximum gradient component mag 5.5813e-01
Var    Value     Gradient |Var    Value     Gradient |Var    Value     Gradient
  1  0.15707  5.58133e-01 |  2 -0.02568 -8.52713e-03 |  3  0.01970  6.88364e-03
  4 -0.02455 -1.12847e-02 |  5  0.03052  3.65545e-03 |  6  0.00177  1.83119e-02
  7 -0.04307  3.24037e-03 |  8 -0.01999  3.54164e-03 |  9 -0.01093 -6.58718e-03
 10  0.04777  9.05501e-03 | 11  0.02134  5.24039e-03 | 12  0.04506 -1.01790e-02
 13  0.00460 -1.13515e-02 | 14  0.00221  1.03486e-02 | 15  0.05410 -9.82945e-04
 16  0.00648  1.68274e-02 | 17 -0.05972  1.17471e-02 | 18 -0.02210  8.72451e-03
 19 -0.03506  1.64925e-04 | 20  0.04853 -8.06736e-03 | 21  0.05173 -1.26439e-03
 22 -0.03413  2.98162e-03 | 23 -0.02323 -8.66265e-03 | 24 -0.10277 -1.26385e-02
 25 -0.01945  1.68458e-04 | 26 -0.01954 -3.51193e-04 | 27 -0.02394 -7.03301e-03
 28  0.03739  3.68853e-03 | 29 -0.01527  2.98474e-03 | 30  0.04631  1.43032e-03
 31 -0.02787 -6.81337e-03 | 32  0.03169 -1.15398e-02 | 33  0.01357  8.04726e-03
 34  0.04593 -7.41645e-03 | 35  0.02001 -1.15900e-02 | 36 -0.01910  3.77375e-03
 37 -0.01180 -1.06452e-02 | 38 -0.00517  1.03188e-02 | 39  0.01437 -1.74610e-03
 40 -0.53798  1.74619e-01 | 41 -0.32965  1.47141e-02 | 42 -0.52659 -3.75163e-02
 43 -0.62985  6.08343e-02 | 44  0.21228 -1.20743e-01 | 45  0.18920 -3.06037e-02
 46  0.25465 -1.31536e-02 | 47  0.02773 -5.93479e-03 | 48 -0.36843 -2.30018e-01
 49  1.86472  4.97843e-03 | 50 -0.03576  2.09017e-05 | 51 -0.70111  4.91554e-04
 52 -0.41484  1.05564e-01 | 53 -0.49072 -1.36256e-01 | 54 -0.28320 -1.75726e-03
 55 -0.25095 -1.48431e-02 | 56 -0.29375 -7.05728e-02 | 57  0.16780  1.08902e-04
 58 -0.00982 -4.84823e-05 | 59 -0.70305  1.13044e-01 | 60 -0.62446 -1.01804e-01
 61 -1.26247 -5.88828e-03 |
61 variables; iteration 160; function evaluation 208; phase 4
Function value 1.1150641e+02; maximum gradient component mag -4.7125e-03
Var    Value     Gradient |Var    Value     Gradient |Var    Value     Gradient
  1  0.15707 -4.71248e-03 |  2 -0.02566 -2.96434e-06 |  3  0.01971  9.11828e-06
  4 -0.02454 -1.85422e-05 |  5  0.03052  1.28229e-05 |  6  0.00178  9.57801e-05
  7 -0.04306  2.03632e-05 |  8 -0.01998  2.36215e-05 |  9 -0.01091 -7.63845e-06
 10  0.04778  5.46331e-05 | 11  0.02134  1.57488e-05 | 12  0.04507  3.17937e-05
 13  0.00460 -1.75437e-06 | 14  0.00220  5.51283e-05 | 15  0.05410 -1.38276e-05
 16  0.00647  3.57608e-05 | 17 -0.05973  2.74159e-05 | 18 -0.02210  3.13809e-05
 19 -0.03505 -1.62523e-05 | 20  0.04854 -1.85873e-05 | 21  0.05173  1.24174e-05
 22 -0.03414 -1.11525e-05 | 23 -0.02324 -1.70908e-05 | 24 -0.10276 -3.91877e-05
 25 -0.01944 -2.86069e-05 | 26 -0.01954  4.53605e-05 | 27 -0.02393  5.17062e-05
 28  0.03739  5.55762e-05 | 29 -0.01527  1.02612e-05 | 30  0.04630 -9.63626e-06
 31 -0.02787 -2.82058e-05 | 32  0.03169 -2.67812e-05 | 33  0.01357 -1.27229e-05
 34  0.04591 -2.77448e-05 | 35  0.02000 -7.26470e-05 | 36 -0.01909 -8.36646e-05
 37 -0.01180 -1.76627e-04 | 38 -0.00518  1.10537e-05 | 39  0.01438  1.41642e-05
 40 -0.53804 -9.58266e-04 | 41 -0.32969 -4.74873e-05 | 42 -0.52663  1.86260e-04
 43 -0.63005  2.73165e-04 | 44  0.21242 -9.72176e-04 | 45  0.18919  3.40518e-05
 46  0.25465 -4.61338e-05 | 47  0.02773 -2.63692e-05 | 48 -0.36465  8.65889e-05
 49  2.01511  2.25968e-05 | 50 -0.03678  1.33402e-06 | 51 -0.70225  1.89994e-06
 52 -0.41487 -1.29862e-04 | 53 -0.49073  8.49813e-05 | 54 -0.28347 -9.67494e-05
 55 -0.25106  8.86497e-06 | 56 -0.29208  7.51344e-04 | 57  0.00737  2.74416e-05
 58  0.00009  4.23835e-07 | 59 -0.69187  2.18718e-07 | 60 -0.61013 -3.04042e-05
 61 -1.27231  5.16759e-06 |
61 variables; iteration 180; function evaluation 228; phase 4
Function value 1.1150641e+02; maximum gradient component mag 2.6659e-04
Var    Value     Gradient |Var    Value     Gradient |Var    Value     Gradient
  1  0.15707 -2.00709e-04 |  2 -0.02566  5.64413e-06 |  3  0.01971 -1.05239e-05
  4 -0.02454  1.82784e-06 |  5  0.03052  9.54931e-07 |  6  0.00178 -6.35487e-06
  7 -0.04306 -6.86546e-06 |  8 -0.01998 -1.15500e-05 |  9 -0.01091 -2.37962e-06
 10  0.04778 -1.28946e-05 | 11  0.02134 -9.31975e-06 | 12  0.04507 -9.35772e-07
 13  0.00460  3.83120e-06 | 14  0.00220 -2.06383e-06 | 15  0.05410  5.63861e-06
 16  0.00647  1.23225e-06 | 17 -0.05973 -5.27667e-06 | 18 -0.02210 -1.71793e-06
 19 -0.03505  2.64898e-06 | 20  0.04854  6.15648e-06 | 21  0.05173  1.01212e-05
 22 -0.03414 -5.70624e-06 | 23 -0.02324  6.76526e-06 | 24 -0.10276  9.88465e-06
 25 -0.01944  2.05765e-05 | 26 -0.01954 -1.12854e-05 | 27 -0.02393 -2.39651e-05
 28  0.03739 -4.92877e-05 | 29 -0.01527 -2.59140e-05 | 30  0.04630  2.23079e-06
 31 -0.02787  1.06597e-06 | 32  0.03169  1.89916e-06 | 33  0.01357 -1.83285e-06
 34  0.04591  8.61150e-06 | 35  0.02000  1.39400e-05 | 36 -0.01909  2.98054e-05
 37 -0.01180  6.59818e-05 | 38 -0.00518 -1.49685e-05 | 39  0.01438 -3.07223e-06
 40 -0.53804 -2.12870e-04 | 41 -0.32969 -3.58955e-05 | 42 -0.52663  9.95468e-05
 43 -0.63005  4.29354e-05 | 44  0.21242  8.54734e-05 | 45  0.18919  2.09151e-05
 46  0.25465  9.50272e-06 | 47  0.02773 -5.89854e-06 | 48 -0.36477  2.66588e-04
 49  2.01042 -5.13268e-06 | 50 -0.03692  5.59985e-07 | 51 -0.70225  8.73556e-08
 52 -0.41487 -1.22098e-04 | 53 -0.49073  9.87817e-05 | 54 -0.28347 -1.36681e-05
 55 -0.25106  1.98118e-05 | 56 -0.29204 -1.94415e-04 | 57  0.00331 -5.21013e-07
 58  0.00003  1.36396e-07 | 59 -0.69185 -1.59387e-05 | 60 -0.61010  2.22231e-05
 61 -1.27233  1.65668e-05 |

 - final statistics:
61 variables; iteration 181; function evaluation 229
Function value 1.1151e+02; maximum gradient component mag 6.3495e-05
Exit code = 1;  converg criter 1.0000e-04
Var    Value     Gradient |Var    Value     Gradient |Var    Value     Gradient
  1  0.15707 -6.03643e-05 |  2 -0.02566  1.35899e-06 |  3  0.01971 -2.01104e-06
  4 -0.02454  1.05030e-06 |  5  0.03052  6.09027e-07 |  6  0.00178 -1.73449e-06
  7 -0.04306 -1.37330e-06 |  8 -0.01998 -2.91452e-06 |  9 -0.01091 -1.76244e-07
 10  0.04778 -3.19207e-06 | 11  0.02134 -2.04004e-06 | 12  0.04507 -2.67036e-07
 13  0.00460  1.18771e-06 | 14  0.00220 -3.93492e-07 | 15  0.05410  1.40302e-06
 16  0.00647  6.38469e-07 | 17 -0.05973 -9.00105e-07 | 18 -0.02210  3.85407e-07
 19 -0.03505  1.51570e-06 | 20  0.04854  1.63135e-06 | 21  0.05173  2.71101e-06
 22 -0.03414 -1.38531e-06 | 23 -0.02324  2.29656e-06 | 24 -0.10276  3.45050e-06
 25 -0.01944  6.36586e-06 | 26 -0.01954 -3.20602e-06 | 27 -0.02393 -7.03974e-06
 28  0.03739 -1.62312e-05 | 29 -0.01527 -8.37666e-06 | 30  0.04630  9.56506e-08
 31 -0.02787  6.97833e-08 | 32  0.03169  9.74073e-07 | 33  0.01357 -2.15252e-08
 34  0.04591  2.21203e-06 | 35  0.02000  3.23910e-06 | 36 -0.01909  7.37687e-06
 37 -0.01180  1.62311e-05 | 38 -0.00518 -3.67642e-06 | 39  0.01438 -4.43596e-07
 40 -0.53804 -5.04283e-05 | 41 -0.32969 -1.08705e-05 | 42 -0.52663  2.59513e-05
 43 -0.63005  1.06329e-05 | 44  0.21242  1.90542e-05 | 45  0.18919  5.65370e-06
 46  0.25465  2.15255e-06 | 47  0.02773 -2.00025e-06 | 48 -0.36478  6.34948e-05
 49  2.01017 -1.24458e-06 | 50 -0.03692  5.96350e-07 | 51 -0.70225  6.17839e-08
 52 -0.41487 -3.02853e-05 | 53 -0.49073  2.40616e-05 | 54 -0.28347 -3.45960e-06
 55 -0.25106  5.09466e-06 | 56 -0.29204 -4.43655e-05 | 57  0.00309 -1.13842e-07
 58  0.00003  1.53394e-07 | 59 -0.69184 -3.74740e-06 | 60 -0.61010  5.90941e-06
 61 -1.27233  4.78724e-06 |
Estimating row 1 out of 61 for hessian
Estimating row 2 out of 61 for hessian
Estimating row 3 out of 61 for hessian
Estimating row 4 out of 61 for hessian
Estimating row 5 out of 61 for hessian
Estimating row 6 out of 61 for hessian
Estimating row 7 out of 61 for hessian
Estimating row 8 out of 61 for hessian
Estimating row 9 out of 61 for hessian
Estimating row 10 out of 61 for hessian
Estimating row 11 out of 61 for hessian
Estimating row 12 out of 61 for hessian
Estimating row 13 out of 61 for hessian
Estimating row 14 out of 61 for hessian
Estimating row 15 out of 61 for hessian
Estimating row 16 out of 61 for hessian
Estimating row 17 out of 61 for hessian
Estimating row 18 out of 61 for hessian
Estimating row 19 out of 61 for hessian
Estimating row 20 out of 61 for hessian
Estimating row 21 out of 61 for hessian
Estimating row 22 out of 61 for hessian
Estimating row 23 out of 61 for hessian
Estimating row 24 out of 61 for hessian
Estimating row 25 out of 61 for hessian
Estimating row 26 out of 61 for hessian
Estimating row 27 out of 61 for hessian
Estimating row 28 out of 61 for hessian
Estimating row 29 out of 61 for hessian
Estimating row 30 out of 61 for hessian
Estimating row 31 out of 61 for hessian
Estimating row 32 out of 61 for hessian
Estimating row 33 out of 61 for hessian
Estimating row 34 out of 61 for hessian
Estimating row 35 out of 61 for hessian
Estimating row 36 out of 61 for hessian
Estimating row 37 out of 61 for hessian
Estimating row 38 out of 61 for hessian
Estimating row 39 out of 61 for hessian
Estimating row 40 out of 61 for hessian
Estimating row 41 out of 61 for hessian
Estimating row 42 out of 61 for hessian
Estimating row 43 out of 61 for hessian
Estimating row 44 out of 61 for hessian
Estimating row 45 out of 61 for hessian
Estimating row 46 out of 61 for hessian
Estimating row 47 out of 61 for hessian
Estimating row 48 out of 61 for hessian
Estimating row 49 out of 61 for hessian
Estimating row 50 out of 61 for hessian
Estimating row 51 out of 61 for hessian
Estimating row 52 out of 61 for hessian
Estimating row 53 out of 61 for hessian
Estimating row 54 out of 61 for hessian
Estimating row 55 out of 61 for hessian
Estimating row 56 out of 61 for hessian
Estimating row 57 out of 61 for hessian
Estimating row 58 out of 61 for hessian
Estimating row 59 out of 61 for hessian
Estimating row 60 out of 61 for hessian
Estimating row 61 out of 61 for hessian
size of file gradfil1.tmp = 0
size of file gradfil2.tmp = 0
size of file varssave.tmp = 0
size of file cmpdiff.tmp = 0
